[2022-03-12T16:14:04.938Z] [PAYTM] INFO [NODE-SDK1.0.0] <MerchantProperties>: initialize called
[2022-03-12T16:14:04.939Z] [PAYTM] INFO [NODE-SDK1.0.0] <MerchantProperties>: Setting Environment for STAGE
[2022-03-12T16:14:09.030Z] [PAYTM] INFO [NODE-SDK:1.0.0:e562de32-9afb-4e62-8abb-9878303431b7] <Payment>: In createTxnToken PaymentDetail: {"channelId":"WEB","orderId":"W0M8BB2N59","txnAmount":{"currency":"INR","value":"10.00"},"userInfo":{"custId":"8DO6E9G3OD","email":"12@g.com","firstName":"Jack","lastName":"Sparrow","mobile":"123"},"readTimeout":80000}
[2022-03-12T16:14:09.030Z] [PAYTM] INFO [NODE-SDK:1.0.0:e562de32-9afb-4e62-8abb-9878303431b7] <Payment>: validatePaymentDetailsObject for object: {"channelId":"WEB","orderId":"W0M8BB2N59","txnAmount":{"currency":"INR","value":"10.00"},"userInfo":{"custId":"8DO6E9G3OD","email":"12@g.com","firstName":"Jack","lastName":"Sparrow","mobile":"123"},"readTimeout":80000}
[2022-03-12T16:14:09.030Z] [PAYTM] INFO [NODE-SDK:1.0.0:e562de32-9afb-4e62-8abb-9878303431b7] <Payment>:  validatePaymentDetailsObject returns true 
[2022-03-12T16:14:09.031Z] [PAYTM] INFO [NODE-SDK:1.0.0:e562de32-9afb-4e62-8abb-9878303431b7] <CommonUtil>: In getSecureRequestHeader
[2022-03-12T16:14:09.033Z] [PAYTM] INFO [NODE-SDK:1.0.0:e562de32-9afb-4e62-8abb-9878303431b7] <Payment>: InitiateTransactionRequest object {"head":{"version":"v2","channelId":"WEB","requestTimestamp":"1647101649031","signature":null},"body":{"requestType":"Payment","mid":"ciXcUt86833610141591","orderId":"W0M8BB2N59","websiteName":"C1","txnAmount":{"currency":"INR","value":"10.00"},"userInfo":{"custId":"8DO6E9G3OD","email":"12@g.com","firstName":"Jack","lastName":"Sparrow","mobile":"123"},"callbackUrl":"http://localhost:5000/callback"}}
[2022-03-12T16:14:09.034Z] [PAYTM] INFO [NODE-SDK:1.0.0:e562de32-9afb-4e62-8abb-9878303431b7] <EncDecUtil>: generateSignature() called
[2022-03-12T16:14:09.034Z] [PAYTM] INFO [NODE-SDK:1.0.0:e562de32-9afb-4e62-8abb-9878303431b7] <EncDecUtil>: generateRandomString() called
[2022-03-12T16:14:09.036Z] [PAYTM] INFO [NODE-SDK:1.0.0:e562de32-9afb-4e62-8abb-9878303431b7] <EncDecUtil>: generateSalt returns: ztZO
[2022-03-12T16:14:09.037Z] [PAYTM] INFO [NODE-SDK:1.0.0:e562de32-9afb-4e62-8abb-9878303431b7] <EncDecUtil>: getChecksumFromString returns: fA1WbV+QYykSVwQtvE13xmFUHSOmMKRJWsBPGNeN2Z5PJiM2QSbxvHbXxTa1gHtzWoQeC7skfJQ1J3+wrHQFsP3bHxwbUuc2MrysF83woos=
[2022-03-12T16:14:09.038Z] [PAYTM] INFO [NODE-SDK:1.0.0:e562de32-9afb-4e62-8abb-9878303431b7] <Request>: process for request: {"head":{"version":"v2","channelId":"WEB","requestTimestamp":"1647101649031","signature":"fA1WbV+QYykSVwQtvE13xmFUHSOmMKRJWsBPGNeN2Z5PJiM2QSbxvHbXxTa1gHtzWoQeC7skfJQ1J3+wrHQFsP3bHxwbUuc2MrysF83woos="},"body":{"requestType":"Payment","mid":"ciXcUt86833610141591","orderId":"W0M8BB2N59","websiteName":"C1","txnAmount":{"currency":"INR","value":"10.00"},"userInfo":{"custId":"8DO6E9G3OD","email":"12@g.com","firstName":"Jack","lastName":"Sparrow","mobile":"123"},"callbackUrl":"http://localhost:5000/callback"}}
[2022-03-12T16:14:09.038Z] [PAYTM] INFO [NODE-SDK:1.0.0:e562de32-9afb-4e62-8abb-9878303431b7] <Request>: executeCurl called 
[2022-03-12T16:14:09.038Z] [PAYTM] INFO [NODE-SDK:1.0.0:e562de32-9afb-4e62-8abb-9878303431b7] <Request>: will make API call to: https://securegw-stage.paytm.in/theia/api/v1/initiateTransaction?mid=ciXcUt86833610141591&orderId=W0M8BB2N59
[2022-03-12T16:14:09.408Z] [PAYTM] INFO [NODE-SDK:1.0.0:e562de32-9afb-4e62-8abb-9878303431b7] <Request>: API response received upon successful execution: {"head":{"responseTimestamp":"1647101649453","version":"v1","signature":"iF1pNlADx2GDOK87M89cE/8uwTDmDsMeXsAl3PQj5p9qCktBrTzXbtxxSQ6SKrUGq37nxSPfbaFYFWaCizbc2AxdBjqE0ppWdsPvOVo8i70="},"body":{"resultInfo":{"resultStatus":"S","resultCode":"0000","resultMsg":"Success"},"txnToken":"20778a5a4ba44d8e8606eab77aa74ec51647101649282","isPromoCodeValid":false,"authenticated":false}}
[2022-03-12T16:14:09.409Z] [PAYTM] INFO [NODE-SDK:1.0.0:e562de32-9afb-4e62-8abb-9878303431b7] <Request>: Raw Response: {"head":{"responseTimestamp":"1647101649453","version":"v1","signature":"iF1pNlADx2GDOK87M89cE/8uwTDmDsMeXsAl3PQj5p9qCktBrTzXbtxxSQ6SKrUGq37nxSPfbaFYFWaCizbc2AxdBjqE0ppWdsPvOVo8i70="},"body":{"resultInfo":{"resultStatus":"S","resultCode":"0000","resultMsg":"Success"},"txnToken":"20778a5a4ba44d8e8606eab77aa74ec51647101649282","isPromoCodeValid":false,"authenticated":false}}
[2022-03-12T16:14:09.410Z] [PAYTM] INFO [NODE-SDK:1.0.0:e562de32-9afb-4e62-8abb-9878303431b7] <Request>: Response Data Object: {"head":{"signature":"iF1pNlADx2GDOK87M89cE/8uwTDmDsMeXsAl3PQj5p9qCktBrTzXbtxxSQ6SKrUGq37nxSPfbaFYFWaCizbc2AxdBjqE0ppWdsPvOVo8i70=","responseTimestamp":"1647101649453","version":"v1"},"body":{"txnToken":"20778a5a4ba44d8e8606eab77aa74ec51647101649282","isPromoCodeValid":false,"resultInfo":{"resultStatus":"S","resultMsg":"Success","resultCode":"0000"},"extraParamsMap":{}}}
[2022-03-12T16:14:09.410Z] [PAYTM] INFO [NODE-SDK:1.0.0:e562de32-9afb-4e62-8abb-9878303431b7] <Request>: validating signature 
[2022-03-12T16:14:09.410Z] [PAYTM] INFO [NODE-SDK:1.0.0:e562de32-9afb-4e62-8abb-9878303431b7] <EncDecUtil>: verifyChecksumByString called()
[2022-03-12T16:14:09.411Z] [PAYTM] INFO [NODE-SDK:1.0.0:e562de32-9afb-4e62-8abb-9878303431b7] <EncDecUtil>: verifyChecksumByString returns: true
[2022-03-12T16:14:09.411Z] [PAYTM] INFO [NODE-SDK:1.0.0:e562de32-9afb-4e62-8abb-9878303431b7] <Request>: signature validation passed 
[2022-03-12T16:14:09.411Z] [PAYTM] INFO [NODE-SDK:1.0.0:e562de32-9afb-4e62-8abb-9878303431b7] <Request>: Execution completed with raw json response: {"head":{"responseTimestamp":"1647101649453","version":"v1","signature":"iF1pNlADx2GDOK87M89cE/8uwTDmDsMeXsAl3PQj5p9qCktBrTzXbtxxSQ6SKrUGq37nxSPfbaFYFWaCizbc2AxdBjqE0ppWdsPvOVo8i70="},"body":{"resultInfo":{"resultStatus":"S","resultCode":"0000","resultMsg":"Success"},"txnToken":"20778a5a4ba44d8e8606eab77aa74ec51647101649282","isPromoCodeValid":false,"authenticated":false}}
[2022-03-12T16:15:48.160Z] [PAYTM] INFO [NODE-SDK1.0.0] <MerchantProperties>: initialize called
[2022-03-12T16:15:48.161Z] [PAYTM] INFO [NODE-SDK1.0.0] <MerchantProperties>: Setting Environment for STAGE
[2022-03-12T16:16:31.667Z] [PAYTM] INFO [NODE-SDK1.0.0] <MerchantProperties>: initialize called
[2022-03-12T16:16:31.668Z] [PAYTM] INFO [NODE-SDK1.0.0] <MerchantProperties>: Setting Environment for STAGE
[2022-03-12T16:16:46.318Z] [PAYTM] INFO [NODE-SDK1.0.0] <MerchantProperties>: initialize called
[2022-03-12T16:16:46.319Z] [PAYTM] INFO [NODE-SDK1.0.0] <MerchantProperties>: Setting Environment for STAGE
[2022-03-12T16:16:53.073Z] [PAYTM] INFO [NODE-SDK:1.0.0:619cee52-1971-4bc1-8b81-6f6fddaedf02] <Payment>: In createTxnToken PaymentDetail: {"channelId":"WEB","orderId":"VIDCV1E4KC","txnAmount":{"currency":"INR","value":"10.00"},"userInfo":{"custId":"RCZL4ESCTO","email":"12@g.com","firstName":"Jack","lastName":"Sparrow","mobile":"123"},"readTimeout":80000}
[2022-03-12T16:16:53.074Z] [PAYTM] INFO [NODE-SDK:1.0.0:619cee52-1971-4bc1-8b81-6f6fddaedf02] <Payment>: validatePaymentDetailsObject for object: {"channelId":"WEB","orderId":"VIDCV1E4KC","txnAmount":{"currency":"INR","value":"10.00"},"userInfo":{"custId":"RCZL4ESCTO","email":"12@g.com","firstName":"Jack","lastName":"Sparrow","mobile":"123"},"readTimeout":80000}
[2022-03-12T16:16:53.074Z] [PAYTM] INFO [NODE-SDK:1.0.0:619cee52-1971-4bc1-8b81-6f6fddaedf02] <Payment>:  validatePaymentDetailsObject returns true 
[2022-03-12T16:16:53.074Z] [PAYTM] INFO [NODE-SDK:1.0.0:619cee52-1971-4bc1-8b81-6f6fddaedf02] <CommonUtil>: In getSecureRequestHeader
[2022-03-12T16:16:53.075Z] [PAYTM] INFO [NODE-SDK:1.0.0:619cee52-1971-4bc1-8b81-6f6fddaedf02] <Payment>: InitiateTransactionRequest object {"head":{"version":"v2","channelId":"WEB","requestTimestamp":"1647101813074","signature":null},"body":{"requestType":"Payment","mid":"ciXcUt86833610141591","orderId":"VIDCV1E4KC","websiteName":"C1","txnAmount":{"currency":"INR","value":"10.00"},"userInfo":{"custId":"RCZL4ESCTO","email":"12@g.com","firstName":"Jack","lastName":"Sparrow","mobile":"123"},"callbackUrl":"http://localhost:5000/callback"}}
[2022-03-12T16:16:53.075Z] [PAYTM] INFO [NODE-SDK:1.0.0:619cee52-1971-4bc1-8b81-6f6fddaedf02] <EncDecUtil>: generateSignature() called
[2022-03-12T16:16:53.075Z] [PAYTM] INFO [NODE-SDK:1.0.0:619cee52-1971-4bc1-8b81-6f6fddaedf02] <EncDecUtil>: generateRandomString() called
[2022-03-12T16:16:53.076Z] [PAYTM] INFO [NODE-SDK:1.0.0:619cee52-1971-4bc1-8b81-6f6fddaedf02] <EncDecUtil>: generateSalt returns: OYGM
[2022-03-12T16:16:53.077Z] [PAYTM] INFO [NODE-SDK:1.0.0:619cee52-1971-4bc1-8b81-6f6fddaedf02] <EncDecUtil>: getChecksumFromString returns: uNgHLMf2US6cWaqGXtBCEiyY+TaH9IdYZOjKO6wN8DUs3aVghzKLtnLM79Kq5dIGBKulBQKeYpgS4T5d0be0IYA7YPfi2whK4oTzWomaEtM=
[2022-03-12T16:16:53.077Z] [PAYTM] INFO [NODE-SDK:1.0.0:619cee52-1971-4bc1-8b81-6f6fddaedf02] <Request>: process for request: {"head":{"version":"v2","channelId":"WEB","requestTimestamp":"1647101813074","signature":"uNgHLMf2US6cWaqGXtBCEiyY+TaH9IdYZOjKO6wN8DUs3aVghzKLtnLM79Kq5dIGBKulBQKeYpgS4T5d0be0IYA7YPfi2whK4oTzWomaEtM="},"body":{"requestType":"Payment","mid":"ciXcUt86833610141591","orderId":"VIDCV1E4KC","websiteName":"C1","txnAmount":{"currency":"INR","value":"10.00"},"userInfo":{"custId":"RCZL4ESCTO","email":"12@g.com","firstName":"Jack","lastName":"Sparrow","mobile":"123"},"callbackUrl":"http://localhost:5000/callback"}}
[2022-03-12T16:16:53.077Z] [PAYTM] INFO [NODE-SDK:1.0.0:619cee52-1971-4bc1-8b81-6f6fddaedf02] <Request>: executeCurl called 
[2022-03-12T16:16:53.078Z] [PAYTM] INFO [NODE-SDK:1.0.0:619cee52-1971-4bc1-8b81-6f6fddaedf02] <Request>: will make API call to: https://securegw-stage.paytm.in/theia/api/v1/initiateTransaction?mid=ciXcUt86833610141591&orderId=VIDCV1E4KC
[2022-03-12T16:16:53.600Z] [PAYTM] INFO [NODE-SDK:1.0.0:619cee52-1971-4bc1-8b81-6f6fddaedf02] <Request>: API response received upon successful execution: {"head":{"responseTimestamp":"1647101813652","version":"v1","signature":"dVEiYL/ONIhIE+VxTytVOIkBaiXQPhf87te0OJb1akUj7IiAlRM9O6rvYxMpWFSTvj2WEOjJ0UmSRE0eXyGWpRTapsVnC43iV25443EFvpE="},"body":{"resultInfo":{"resultStatus":"S","resultCode":"0000","resultMsg":"Success"},"txnToken":"7b8ff5647f31422e9de190ba17a5f8671647101813463","isPromoCodeValid":false,"authenticated":false}}
[2022-03-12T16:16:53.600Z] [PAYTM] INFO [NODE-SDK:1.0.0:619cee52-1971-4bc1-8b81-6f6fddaedf02] <Request>: Raw Response: {"head":{"responseTimestamp":"1647101813652","version":"v1","signature":"dVEiYL/ONIhIE+VxTytVOIkBaiXQPhf87te0OJb1akUj7IiAlRM9O6rvYxMpWFSTvj2WEOjJ0UmSRE0eXyGWpRTapsVnC43iV25443EFvpE="},"body":{"resultInfo":{"resultStatus":"S","resultCode":"0000","resultMsg":"Success"},"txnToken":"7b8ff5647f31422e9de190ba17a5f8671647101813463","isPromoCodeValid":false,"authenticated":false}}
[2022-03-12T16:16:53.601Z] [PAYTM] INFO [NODE-SDK:1.0.0:619cee52-1971-4bc1-8b81-6f6fddaedf02] <Request>: Response Data Object: {"head":{"signature":"dVEiYL/ONIhIE+VxTytVOIkBaiXQPhf87te0OJb1akUj7IiAlRM9O6rvYxMpWFSTvj2WEOjJ0UmSRE0eXyGWpRTapsVnC43iV25443EFvpE=","responseTimestamp":"1647101813652","version":"v1"},"body":{"txnToken":"7b8ff5647f31422e9de190ba17a5f8671647101813463","isPromoCodeValid":false,"resultInfo":{"resultStatus":"S","resultMsg":"Success","resultCode":"0000"},"extraParamsMap":{}}}
[2022-03-12T16:16:53.601Z] [PAYTM] INFO [NODE-SDK:1.0.0:619cee52-1971-4bc1-8b81-6f6fddaedf02] <Request>: validating signature 
[2022-03-12T16:16:53.601Z] [PAYTM] INFO [NODE-SDK:1.0.0:619cee52-1971-4bc1-8b81-6f6fddaedf02] <EncDecUtil>: verifyChecksumByString called()
[2022-03-12T16:16:53.601Z] [PAYTM] INFO [NODE-SDK:1.0.0:619cee52-1971-4bc1-8b81-6f6fddaedf02] <EncDecUtil>: verifyChecksumByString returns: true
[2022-03-12T16:16:53.601Z] [PAYTM] INFO [NODE-SDK:1.0.0:619cee52-1971-4bc1-8b81-6f6fddaedf02] <Request>: signature validation passed 
[2022-03-12T16:16:53.601Z] [PAYTM] INFO [NODE-SDK:1.0.0:619cee52-1971-4bc1-8b81-6f6fddaedf02] <Request>: Execution completed with raw json response: {"head":{"responseTimestamp":"1647101813652","version":"v1","signature":"dVEiYL/ONIhIE+VxTytVOIkBaiXQPhf87te0OJb1akUj7IiAlRM9O6rvYxMpWFSTvj2WEOjJ0UmSRE0eXyGWpRTapsVnC43iV25443EFvpE="},"body":{"resultInfo":{"resultStatus":"S","resultCode":"0000","resultMsg":"Success"},"txnToken":"7b8ff5647f31422e9de190ba17a5f8671647101813463","isPromoCodeValid":false,"authenticated":false}}
[2022-03-12T16:18:23.545Z] [PAYTM] INFO [NODE-SDK1.0.0] <MerchantProperties>: initialize called
[2022-03-12T16:18:23.545Z] [PAYTM] INFO [NODE-SDK1.0.0] <MerchantProperties>: Setting Environment for STAGE
[2022-03-12T16:18:51.167Z] [PAYTM] INFO [NODE-SDK1.0.0] <MerchantProperties>: initialize called
[2022-03-12T16:18:51.168Z] [PAYTM] INFO [NODE-SDK1.0.0] <MerchantProperties>: Setting Environment for STAGE
[2022-03-12T16:20:13.778Z] [PAYTM] INFO [NODE-SDK1.0.0] <MerchantProperties>: initialize called
[2022-03-12T16:20:13.779Z] [PAYTM] INFO [NODE-SDK1.0.0] <MerchantProperties>: Setting Environment for STAGE
[2022-03-12T16:20:52.725Z] [PAYTM] INFO [NODE-SDK1.0.0] <MerchantProperties>: initialize called
[2022-03-12T16:20:52.726Z] [PAYTM] INFO [NODE-SDK1.0.0] <MerchantProperties>: Setting Environment for STAGE
[2022-03-12T16:20:54.188Z] [PAYTM] INFO [NODE-SDK1.0.0] <MerchantProperties>: initialize called
[2022-03-12T16:20:54.189Z] [PAYTM] INFO [NODE-SDK1.0.0] <MerchantProperties>: Setting Environment for STAGE
[2022-03-12T16:21:55.993Z] [PAYTM] INFO [NODE-SDK1.0.0] <MerchantProperties>: initialize called
[2022-03-12T16:21:55.994Z] [PAYTM] INFO [NODE-SDK1.0.0] <MerchantProperties>: Setting Environment for STAGE
[2022-03-12T16:23:13.077Z] [PAYTM] INFO [NODE-SDK1.0.0] <MerchantProperties>: initialize called
[2022-03-12T16:23:13.078Z] [PAYTM] INFO [NODE-SDK1.0.0] <MerchantProperties>: Setting Environment for STAGE
[2022-03-12T16:23:25.796Z] [PAYTM] INFO [NODE-SDK1.0.0] <MerchantProperties>: initialize called
[2022-03-12T16:23:25.797Z] [PAYTM] INFO [NODE-SDK1.0.0] <MerchantProperties>: Setting Environment for STAGE
[2022-03-12T16:23:47.992Z] [PAYTM] INFO [NODE-SDK1.0.0] <MerchantProperties>: initialize called
[2022-03-12T16:23:47.993Z] [PAYTM] INFO [NODE-SDK1.0.0] <MerchantProperties>: Setting Environment for STAGE
[2022-03-12T16:24:05.283Z] [PAYTM] INFO [NODE-SDK1.0.0] <MerchantProperties>: initialize called
[2022-03-12T16:24:05.284Z] [PAYTM] INFO [NODE-SDK1.0.0] <MerchantProperties>: Setting Environment for STAGE
[2022-03-12T16:26:13.647Z] [PAYTM] INFO [NODE-SDK1.0.0] <MerchantProperties>: initialize called
[2022-03-12T16:26:13.648Z] [PAYTM] INFO [NODE-SDK1.0.0] <MerchantProperties>: Setting Environment for STAGE
[2022-03-12T16:28:34.478Z] [PAYTM] INFO [NODE-SDK1.0.0] <MerchantProperties>: initialize called
[2022-03-12T16:28:34.478Z] [PAYTM] INFO [NODE-SDK1.0.0] <MerchantProperties>: Setting Environment for STAGE
[2022-03-12T16:28:46.898Z] [PAYTM] INFO [NODE-SDK:1.0.0:a6efb8a8-3f67-447e-84c9-6acc0600ffc8] <Payment>: In createTxnToken PaymentDetail: {"channelId":"WEB","orderId":"DSX20CBRE","txnAmount":{"currency":"INR","value":"10.00"},"userInfo":{"custId":"W7EU33D3D3","email":"werwe@1233.cm","firstName":"ewr","lastName":"werwe","mobile":"2312"},"readTimeout":80000}
[2022-03-12T16:28:46.899Z] [PAYTM] INFO [NODE-SDK:1.0.0:a6efb8a8-3f67-447e-84c9-6acc0600ffc8] <Payment>: validatePaymentDetailsObject for object: {"channelId":"WEB","orderId":"DSX20CBRE","txnAmount":{"currency":"INR","value":"10.00"},"userInfo":{"custId":"W7EU33D3D3","email":"werwe@1233.cm","firstName":"ewr","lastName":"werwe","mobile":"2312"},"readTimeout":80000}
[2022-03-12T16:28:46.900Z] [PAYTM] INFO [NODE-SDK:1.0.0:a6efb8a8-3f67-447e-84c9-6acc0600ffc8] <Payment>:  validatePaymentDetailsObject returns true 
[2022-03-12T16:28:46.901Z] [PAYTM] INFO [NODE-SDK:1.0.0:a6efb8a8-3f67-447e-84c9-6acc0600ffc8] <CommonUtil>: In getSecureRequestHeader
[2022-03-12T16:28:46.902Z] [PAYTM] INFO [NODE-SDK:1.0.0:a6efb8a8-3f67-447e-84c9-6acc0600ffc8] <Payment>: InitiateTransactionRequest object {"head":{"version":"v2","channelId":"WEB","requestTimestamp":"1647102526901","signature":null},"body":{"requestType":"Payment","mid":"ciXcUt86833610141591","orderId":"DSX20CBRE","websiteName":"C1","txnAmount":{"currency":"INR","value":"10.00"},"userInfo":{"custId":"W7EU33D3D3","email":"werwe@1233.cm","firstName":"ewr","lastName":"werwe","mobile":"2312"},"callbackUrl":"http://localhost:5000/callback"}}
[2022-03-12T16:28:46.903Z] [PAYTM] INFO [NODE-SDK:1.0.0:a6efb8a8-3f67-447e-84c9-6acc0600ffc8] <EncDecUtil>: generateSignature() called
[2022-03-12T16:28:46.903Z] [PAYTM] INFO [NODE-SDK:1.0.0:a6efb8a8-3f67-447e-84c9-6acc0600ffc8] <EncDecUtil>: generateRandomString() called
[2022-03-12T16:28:46.904Z] [PAYTM] INFO [NODE-SDK:1.0.0:a6efb8a8-3f67-447e-84c9-6acc0600ffc8] <EncDecUtil>: generateSalt returns: KAUf
[2022-03-12T16:28:46.908Z] [PAYTM] INFO [NODE-SDK:1.0.0:a6efb8a8-3f67-447e-84c9-6acc0600ffc8] <EncDecUtil>: getChecksumFromString returns: Easqtm8TKGffts08i3FhYvBe1YR6Pf8OJRSgGJFlhHKnmsEA6J1Ei0z5vb7Rh2ZArKhFEpItJ6B4v2ywO5boD6XDYWWUYXQebJT9cEwWkWs=
[2022-03-12T16:28:46.908Z] [PAYTM] INFO [NODE-SDK:1.0.0:a6efb8a8-3f67-447e-84c9-6acc0600ffc8] <Request>: process for request: {"head":{"version":"v2","channelId":"WEB","requestTimestamp":"1647102526901","signature":"Easqtm8TKGffts08i3FhYvBe1YR6Pf8OJRSgGJFlhHKnmsEA6J1Ei0z5vb7Rh2ZArKhFEpItJ6B4v2ywO5boD6XDYWWUYXQebJT9cEwWkWs="},"body":{"requestType":"Payment","mid":"ciXcUt86833610141591","orderId":"DSX20CBRE","websiteName":"C1","txnAmount":{"currency":"INR","value":"10.00"},"userInfo":{"custId":"W7EU33D3D3","email":"werwe@1233.cm","firstName":"ewr","lastName":"werwe","mobile":"2312"},"callbackUrl":"http://localhost:5000/callback"}}
[2022-03-12T16:28:46.908Z] [PAYTM] INFO [NODE-SDK:1.0.0:a6efb8a8-3f67-447e-84c9-6acc0600ffc8] <Request>: executeCurl called 
[2022-03-12T16:28:46.908Z] [PAYTM] INFO [NODE-SDK:1.0.0:a6efb8a8-3f67-447e-84c9-6acc0600ffc8] <Request>: will make API call to: https://securegw-stage.paytm.in/theia/api/v1/initiateTransaction?mid=ciXcUt86833610141591&orderId=DSX20CBRE
[2022-03-12T16:28:47.489Z] [PAYTM] INFO [NODE-SDK:1.0.0:a6efb8a8-3f67-447e-84c9-6acc0600ffc8] <Request>: API response received upon successful execution: {"head":{"responseTimestamp":"1647102527538","version":"v1","signature":"UHI13Ggfa6JTEjyCK1D2JEdhaOcqs7XaAd7PsWoItqJylpl2d7bD47rojFtR/0RbxeAvVQzwtxRXnNnT+K+QSRcqWBBMKw3qw6j7OMy3kSk="},"body":{"resultInfo":{"resultStatus":"S","resultCode":"0000","resultMsg":"Success"},"txnToken":"f0b287d6aefb4767abcafc0ab37b5f1d1647102527364","isPromoCodeValid":false,"authenticated":false}}
[2022-03-12T16:28:47.489Z] [PAYTM] INFO [NODE-SDK:1.0.0:a6efb8a8-3f67-447e-84c9-6acc0600ffc8] <Request>: Raw Response: {"head":{"responseTimestamp":"1647102527538","version":"v1","signature":"UHI13Ggfa6JTEjyCK1D2JEdhaOcqs7XaAd7PsWoItqJylpl2d7bD47rojFtR/0RbxeAvVQzwtxRXnNnT+K+QSRcqWBBMKw3qw6j7OMy3kSk="},"body":{"resultInfo":{"resultStatus":"S","resultCode":"0000","resultMsg":"Success"},"txnToken":"f0b287d6aefb4767abcafc0ab37b5f1d1647102527364","isPromoCodeValid":false,"authenticated":false}}
[2022-03-12T16:28:47.489Z] [PAYTM] INFO [NODE-SDK:1.0.0:a6efb8a8-3f67-447e-84c9-6acc0600ffc8] <Request>: Response Data Object: {"head":{"signature":"UHI13Ggfa6JTEjyCK1D2JEdhaOcqs7XaAd7PsWoItqJylpl2d7bD47rojFtR/0RbxeAvVQzwtxRXnNnT+K+QSRcqWBBMKw3qw6j7OMy3kSk=","responseTimestamp":"1647102527538","version":"v1"},"body":{"txnToken":"f0b287d6aefb4767abcafc0ab37b5f1d1647102527364","isPromoCodeValid":false,"resultInfo":{"resultStatus":"S","resultMsg":"Success","resultCode":"0000"},"extraParamsMap":{}}}
[2022-03-12T16:28:47.489Z] [PAYTM] INFO [NODE-SDK:1.0.0:a6efb8a8-3f67-447e-84c9-6acc0600ffc8] <Request>: validating signature 
[2022-03-12T16:28:47.490Z] [PAYTM] INFO [NODE-SDK:1.0.0:a6efb8a8-3f67-447e-84c9-6acc0600ffc8] <EncDecUtil>: verifyChecksumByString called()
[2022-03-12T16:28:47.490Z] [PAYTM] INFO [NODE-SDK:1.0.0:a6efb8a8-3f67-447e-84c9-6acc0600ffc8] <EncDecUtil>: verifyChecksumByString returns: true
[2022-03-12T16:28:47.490Z] [PAYTM] INFO [NODE-SDK:1.0.0:a6efb8a8-3f67-447e-84c9-6acc0600ffc8] <Request>: signature validation passed 
[2022-03-12T16:28:47.490Z] [PAYTM] INFO [NODE-SDK:1.0.0:a6efb8a8-3f67-447e-84c9-6acc0600ffc8] <Request>: Execution completed with raw json response: {"head":{"responseTimestamp":"1647102527538","version":"v1","signature":"UHI13Ggfa6JTEjyCK1D2JEdhaOcqs7XaAd7PsWoItqJylpl2d7bD47rojFtR/0RbxeAvVQzwtxRXnNnT+K+QSRcqWBBMKw3qw6j7OMy3kSk="},"body":{"resultInfo":{"resultStatus":"S","resultCode":"0000","resultMsg":"Success"},"txnToken":"f0b287d6aefb4767abcafc0ab37b5f1d1647102527364","isPromoCodeValid":false,"authenticated":false}}
[2022-03-12T16:28:48.307Z] [PAYTM] INFO [NODE-SDK1.0.0] <MerchantProperties>: initialize called
[2022-03-12T16:28:48.308Z] [PAYTM] INFO [NODE-SDK1.0.0] <MerchantProperties>: Setting Environment for STAGE
[2022-03-12T16:28:55.855Z] [PAYTM] INFO [NODE-SDK:1.0.0:9a3c9872-3be7-4163-9447-006ba60e1cea] <Payment>: In createTxnToken PaymentDetail: {"channelId":"WEB","orderId":"R8OQHWK2HB","txnAmount":{"currency":"INR","value":"10.00"},"userInfo":{"custId":"KQBESM3HYB","email":"werwe@1233.cm","firstName":"ewr","lastName":"werwe","mobile":"2312"},"readTimeout":80000}
[2022-03-12T16:28:55.855Z] [PAYTM] INFO [NODE-SDK:1.0.0:9a3c9872-3be7-4163-9447-006ba60e1cea] <Payment>: validatePaymentDetailsObject for object: {"channelId":"WEB","orderId":"R8OQHWK2HB","txnAmount":{"currency":"INR","value":"10.00"},"userInfo":{"custId":"KQBESM3HYB","email":"werwe@1233.cm","firstName":"ewr","lastName":"werwe","mobile":"2312"},"readTimeout":80000}
[2022-03-12T16:28:55.855Z] [PAYTM] INFO [NODE-SDK:1.0.0:9a3c9872-3be7-4163-9447-006ba60e1cea] <Payment>:  validatePaymentDetailsObject returns true 
[2022-03-12T16:28:55.855Z] [PAYTM] INFO [NODE-SDK:1.0.0:9a3c9872-3be7-4163-9447-006ba60e1cea] <CommonUtil>: In getSecureRequestHeader
[2022-03-12T16:28:55.856Z] [PAYTM] INFO [NODE-SDK:1.0.0:9a3c9872-3be7-4163-9447-006ba60e1cea] <Payment>: InitiateTransactionRequest object {"head":{"version":"v2","channelId":"WEB","requestTimestamp":"1647102535855","signature":null},"body":{"requestType":"Payment","mid":"ciXcUt86833610141591","orderId":"R8OQHWK2HB","websiteName":"C1","txnAmount":{"currency":"INR","value":"10.00"},"userInfo":{"custId":"KQBESM3HYB","email":"werwe@1233.cm","firstName":"ewr","lastName":"werwe","mobile":"2312"},"callbackUrl":"http://localhost:5000/callback"}}
[2022-03-12T16:28:55.857Z] [PAYTM] INFO [NODE-SDK:1.0.0:9a3c9872-3be7-4163-9447-006ba60e1cea] <EncDecUtil>: generateSignature() called
[2022-03-12T16:28:55.857Z] [PAYTM] INFO [NODE-SDK:1.0.0:9a3c9872-3be7-4163-9447-006ba60e1cea] <EncDecUtil>: generateRandomString() called
[2022-03-12T16:28:55.858Z] [PAYTM] INFO [NODE-SDK:1.0.0:9a3c9872-3be7-4163-9447-006ba60e1cea] <EncDecUtil>: generateSalt returns: r+rK
[2022-03-12T16:28:55.859Z] [PAYTM] INFO [NODE-SDK:1.0.0:9a3c9872-3be7-4163-9447-006ba60e1cea] <EncDecUtil>: getChecksumFromString returns: 6P+ghUkD/GX7UDEb9IFdroCUTAbXJkQ3De+3tyYOsb629n3tVqOVx8jCzSj0WRMraV6E1bK5IS24usHhDCPIkZWkHDSbL/8mLXjq8a8kKEs=
[2022-03-12T16:28:55.859Z] [PAYTM] INFO [NODE-SDK:1.0.0:9a3c9872-3be7-4163-9447-006ba60e1cea] <Request>: process for request: {"head":{"version":"v2","channelId":"WEB","requestTimestamp":"1647102535855","signature":"6P+ghUkD/GX7UDEb9IFdroCUTAbXJkQ3De+3tyYOsb629n3tVqOVx8jCzSj0WRMraV6E1bK5IS24usHhDCPIkZWkHDSbL/8mLXjq8a8kKEs="},"body":{"requestType":"Payment","mid":"ciXcUt86833610141591","orderId":"R8OQHWK2HB","websiteName":"C1","txnAmount":{"currency":"INR","value":"10.00"},"userInfo":{"custId":"KQBESM3HYB","email":"werwe@1233.cm","firstName":"ewr","lastName":"werwe","mobile":"2312"},"callbackUrl":"http://localhost:5000/callback"}}
[2022-03-12T16:28:55.860Z] [PAYTM] INFO [NODE-SDK:1.0.0:9a3c9872-3be7-4163-9447-006ba60e1cea] <Request>: executeCurl called 
[2022-03-12T16:28:55.860Z] [PAYTM] INFO [NODE-SDK:1.0.0:9a3c9872-3be7-4163-9447-006ba60e1cea] <Request>: will make API call to: https://securegw-stage.paytm.in/theia/api/v1/initiateTransaction?mid=ciXcUt86833610141591&orderId=R8OQHWK2HB
[2022-03-12T16:28:56.216Z] [PAYTM] INFO [NODE-SDK:1.0.0:9a3c9872-3be7-4163-9447-006ba60e1cea] <Request>: API response received upon successful execution: {"head":{"responseTimestamp":"1647102536253","version":"v1","signature":"yjU0QHIgb1oKmoibqdFll1uiyxovlq2Jr/iC5MTgzRuK3Vx+RMKp8kHKu4wbN1N1jWMLAuZ/nuHqWg6I0tG9hDJSU6m5GHwn78CqBUaify4="},"body":{"resultInfo":{"resultStatus":"S","resultCode":"0000","resultMsg":"Success"},"txnToken":"bba094c7d6344a2fbc88cd7afc88a96f1647102536045","isPromoCodeValid":false,"authenticated":false}}
[2022-03-12T16:28:56.216Z] [PAYTM] INFO [NODE-SDK:1.0.0:9a3c9872-3be7-4163-9447-006ba60e1cea] <Request>: Raw Response: {"head":{"responseTimestamp":"1647102536253","version":"v1","signature":"yjU0QHIgb1oKmoibqdFll1uiyxovlq2Jr/iC5MTgzRuK3Vx+RMKp8kHKu4wbN1N1jWMLAuZ/nuHqWg6I0tG9hDJSU6m5GHwn78CqBUaify4="},"body":{"resultInfo":{"resultStatus":"S","resultCode":"0000","resultMsg":"Success"},"txnToken":"bba094c7d6344a2fbc88cd7afc88a96f1647102536045","isPromoCodeValid":false,"authenticated":false}}
[2022-03-12T16:28:56.217Z] [PAYTM] INFO [NODE-SDK:1.0.0:9a3c9872-3be7-4163-9447-006ba60e1cea] <Request>: Response Data Object: {"head":{"signature":"yjU0QHIgb1oKmoibqdFll1uiyxovlq2Jr/iC5MTgzRuK3Vx+RMKp8kHKu4wbN1N1jWMLAuZ/nuHqWg6I0tG9hDJSU6m5GHwn78CqBUaify4=","responseTimestamp":"1647102536253","version":"v1"},"body":{"txnToken":"bba094c7d6344a2fbc88cd7afc88a96f1647102536045","isPromoCodeValid":false,"resultInfo":{"resultStatus":"S","resultMsg":"Success","resultCode":"0000"},"extraParamsMap":{}}}
[2022-03-12T16:28:56.217Z] [PAYTM] INFO [NODE-SDK:1.0.0:9a3c9872-3be7-4163-9447-006ba60e1cea] <Request>: validating signature 
[2022-03-12T16:28:56.217Z] [PAYTM] INFO [NODE-SDK:1.0.0:9a3c9872-3be7-4163-9447-006ba60e1cea] <EncDecUtil>: verifyChecksumByString called()
[2022-03-12T16:28:56.217Z] [PAYTM] INFO [NODE-SDK:1.0.0:9a3c9872-3be7-4163-9447-006ba60e1cea] <EncDecUtil>: verifyChecksumByString returns: true
[2022-03-12T16:28:56.217Z] [PAYTM] INFO [NODE-SDK:1.0.0:9a3c9872-3be7-4163-9447-006ba60e1cea] <Request>: signature validation passed 
[2022-03-12T16:28:56.217Z] [PAYTM] INFO [NODE-SDK:1.0.0:9a3c9872-3be7-4163-9447-006ba60e1cea] <Request>: Execution completed with raw json response: {"head":{"responseTimestamp":"1647102536253","version":"v1","signature":"yjU0QHIgb1oKmoibqdFll1uiyxovlq2Jr/iC5MTgzRuK3Vx+RMKp8kHKu4wbN1N1jWMLAuZ/nuHqWg6I0tG9hDJSU6m5GHwn78CqBUaify4="},"body":{"resultInfo":{"resultStatus":"S","resultCode":"0000","resultMsg":"Success"},"txnToken":"bba094c7d6344a2fbc88cd7afc88a96f1647102536045","isPromoCodeValid":false,"authenticated":false}}
[2022-03-12T16:28:58.761Z] [PAYTM] INFO [NODE-SDK1.0.0] <MerchantProperties>: initialize called
[2022-03-12T16:28:58.762Z] [PAYTM] INFO [NODE-SDK1.0.0] <MerchantProperties>: Setting Environment for STAGE
[2022-03-12T16:29:19.793Z] [PAYTM] INFO [NODE-SDK1.0.0] <MerchantProperties>: initialize called
[2022-03-12T16:29:19.794Z] [PAYTM] INFO [NODE-SDK1.0.0] <MerchantProperties>: Setting Environment for STAGE
[2022-03-12T16:29:24.316Z] [PAYTM] INFO [NODE-SDK:1.0.0:a5dae1fe-ea97-4d18-95e5-d7966b0a5ccf] <Payment>: In getPaymentStatus PaymentStatusDetail: {"orderId":"R8OQHWK2HB","readTimeout":80000}
[2022-03-12T16:29:24.316Z] [PAYTM] INFO [NODE-SDK:1.0.0:a5dae1fe-ea97-4d18-95e5-d7966b0a5ccf] <Payment>: validatePaymentStatusDetailObject for request: {"orderId":"R8OQHWK2HB","readTimeout":80000}
[2022-03-12T16:29:24.316Z] [PAYTM] INFO [NODE-SDK:1.0.0:a5dae1fe-ea97-4d18-95e5-d7966b0a5ccf] <Payment>:  validatePaymentStatusDetailObject returns true 
[2022-03-12T16:29:24.317Z] [PAYTM] INFO [NODE-SDK:1.0.0:a5dae1fe-ea97-4d18-95e5-d7966b0a5ccf] <CommonUtil>: In getSecureRequestHeader
[2022-03-12T16:29:24.317Z] [PAYTM] INFO [NODE-SDK:1.0.0:a5dae1fe-ea97-4d18-95e5-d7966b0a5ccf] <Payment>: NativePaymentStatusRequest object {"head":{"version":"v2","channelId":null,"requestTimestamp":"1647102564317","workFlow":null,"signature":null},"body":{"mid":"ciXcUt86833610141591","orderId":"R8OQHWK2HB"}}
[2022-03-12T16:29:24.318Z] [PAYTM] INFO [NODE-SDK:1.0.0:a5dae1fe-ea97-4d18-95e5-d7966b0a5ccf] <EncDecUtil>: generateSignature() called
[2022-03-12T16:29:24.318Z] [PAYTM] INFO [NODE-SDK:1.0.0:a5dae1fe-ea97-4d18-95e5-d7966b0a5ccf] <EncDecUtil>: generateRandomString() called
[2022-03-12T16:29:24.319Z] [PAYTM] INFO [NODE-SDK:1.0.0:a5dae1fe-ea97-4d18-95e5-d7966b0a5ccf] <EncDecUtil>: generateSalt returns: zB30
[2022-03-12T16:29:24.320Z] [PAYTM] INFO [NODE-SDK:1.0.0:a5dae1fe-ea97-4d18-95e5-d7966b0a5ccf] <EncDecUtil>: getChecksumFromString returns: J1SIVPMoqT+1DYeyEIbHwhBm1kmW4EyRXJmTq6YwutCDdLYjZsXEi3UedHwd3MpMjv6L8yK8JHJdrRWJhqMJnI4HWgmXx00UB4tEMQGf1fs=
[2022-03-12T16:29:24.320Z] [PAYTM] INFO [NODE-SDK:1.0.0:a5dae1fe-ea97-4d18-95e5-d7966b0a5ccf] <Request>: process for request: {"head":{"version":"v2","channelId":null,"requestTimestamp":"1647102564317","workFlow":null,"signature":"J1SIVPMoqT+1DYeyEIbHwhBm1kmW4EyRXJmTq6YwutCDdLYjZsXEi3UedHwd3MpMjv6L8yK8JHJdrRWJhqMJnI4HWgmXx00UB4tEMQGf1fs="},"body":{"mid":"ciXcUt86833610141591","orderId":"R8OQHWK2HB"}}
[2022-03-12T16:29:24.320Z] [PAYTM] INFO [NODE-SDK:1.0.0:a5dae1fe-ea97-4d18-95e5-d7966b0a5ccf] <Request>: executeCurl called 
[2022-03-12T16:29:24.320Z] [PAYTM] INFO [NODE-SDK:1.0.0:a5dae1fe-ea97-4d18-95e5-d7966b0a5ccf] <Request>: will make API call to: https://securegw-stage.paytm.in/merchant-status/api/v1/getPaymentStatus
[2022-03-12T16:29:24.591Z] [PAYTM] INFO [NODE-SDK:1.0.0:a5dae1fe-ea97-4d18-95e5-d7966b0a5ccf] <Request>: API response received upon successful execution: {"head":{"responseTimestamp":"1647102564639","version":"v1","signature":"V9eg9whVnmp+UfXGHqhzDu0DWDzOtwSiYfkbkiw6U7O0PZZhWLrNAkG4DlRi/3jooLVWSnHxdE6cx0eGCkST/Z7T03daSw+jw36K7jnBvT4="},"body":{"resultInfo":{"resultStatus":"TXN_FAILURE","resultCode":"810","resultMsg":"Payment failed due to a technical error. Please try after some time."},"txnId":"20220312111212800110168542803521237","orderId":"R8OQHWK2HB","txnAmount":"10.00","txnType":"SALE","mid":"ciXcUt86833610141591","refundAmt":"0.0","txnDate":"2022-03-12 21:58:56.0"}}
[2022-03-12T16:29:24.591Z] [PAYTM] INFO [NODE-SDK:1.0.0:a5dae1fe-ea97-4d18-95e5-d7966b0a5ccf] <Request>: Raw Response: {"head":{"responseTimestamp":"1647102564639","version":"v1","signature":"V9eg9whVnmp+UfXGHqhzDu0DWDzOtwSiYfkbkiw6U7O0PZZhWLrNAkG4DlRi/3jooLVWSnHxdE6cx0eGCkST/Z7T03daSw+jw36K7jnBvT4="},"body":{"resultInfo":{"resultStatus":"TXN_FAILURE","resultCode":"810","resultMsg":"Payment failed due to a technical error. Please try after some time."},"txnId":"20220312111212800110168542803521237","orderId":"R8OQHWK2HB","txnAmount":"10.00","txnType":"SALE","mid":"ciXcUt86833610141591","refundAmt":"0.0","txnDate":"2022-03-12 21:58:56.0"}}
[2022-03-12T16:29:24.592Z] [PAYTM] INFO [NODE-SDK:1.0.0:a5dae1fe-ea97-4d18-95e5-d7966b0a5ccf] <Request>: Response Data Object: {"head":{"signature":"V9eg9whVnmp+UfXGHqhzDu0DWDzOtwSiYfkbkiw6U7O0PZZhWLrNAkG4DlRi/3jooLVWSnHxdE6cx0eGCkST/Z7T03daSw+jw36K7jnBvT4=","responseTimestamp":"1647102564639","version":"v1"},"body":{"txnId":"20220312111212800110168542803521237","orderId":"R8OQHWK2HB","txnAmount":"10.00","txnType":"SALE","mid":"ciXcUt86833610141591","refundAmt":"0.0","txnDate":"2022-03-12 21:58:56.0","resultInfo":{"resultStatus":"TXN_FAILURE","resultMsg":"Payment failed due to a technical error. Please try after some time.","resultCode":"810"},"extraParamsMap":{}}}
[2022-03-12T16:29:24.592Z] [PAYTM] INFO [NODE-SDK:1.0.0:a5dae1fe-ea97-4d18-95e5-d7966b0a5ccf] <Request>: Execution completed with raw json response: {"head":{"responseTimestamp":"1647102564639","version":"v1","signature":"V9eg9whVnmp+UfXGHqhzDu0DWDzOtwSiYfkbkiw6U7O0PZZhWLrNAkG4DlRi/3jooLVWSnHxdE6cx0eGCkST/Z7T03daSw+jw36K7jnBvT4="},"body":{"resultInfo":{"resultStatus":"TXN_FAILURE","resultCode":"810","resultMsg":"Payment failed due to a technical error. Please try after some time."},"txnId":"20220312111212800110168542803521237","orderId":"R8OQHWK2HB","txnAmount":"10.00","txnType":"SALE","mid":"ciXcUt86833610141591","refundAmt":"0.0","txnDate":"2022-03-12 21:58:56.0"}}
[2022-03-12T16:30:00.256Z] [PAYTM] INFO [NODE-SDK:1.0.0:57feb692-93a1-4a9d-8651-89c821bcf93b] <Payment>: In createTxnToken PaymentDetail: {"channelId":"WEB","orderId":"32KKC9JQ94","txnAmount":{"currency":"INR","value":"10.00"},"userInfo":{"custId":"4FU61JF1HJ","email":"15@gmail.com","firstName":"123","lastName":"asdfsad","mobile":"2131231"},"readTimeout":80000}
[2022-03-12T16:30:00.256Z] [PAYTM] INFO [NODE-SDK:1.0.0:57feb692-93a1-4a9d-8651-89c821bcf93b] <Payment>: validatePaymentDetailsObject for object: {"channelId":"WEB","orderId":"32KKC9JQ94","txnAmount":{"currency":"INR","value":"10.00"},"userInfo":{"custId":"4FU61JF1HJ","email":"15@gmail.com","firstName":"123","lastName":"asdfsad","mobile":"2131231"},"readTimeout":80000}
[2022-03-12T16:30:00.256Z] [PAYTM] INFO [NODE-SDK:1.0.0:57feb692-93a1-4a9d-8651-89c821bcf93b] <Payment>:  validatePaymentDetailsObject returns true 
[2022-03-12T16:30:00.257Z] [PAYTM] INFO [NODE-SDK:1.0.0:57feb692-93a1-4a9d-8651-89c821bcf93b] <CommonUtil>: In getSecureRequestHeader
[2022-03-12T16:30:00.257Z] [PAYTM] INFO [NODE-SDK:1.0.0:57feb692-93a1-4a9d-8651-89c821bcf93b] <Payment>: InitiateTransactionRequest object {"head":{"version":"v2","channelId":"WEB","requestTimestamp":"1647102600257","signature":null},"body":{"requestType":"Payment","mid":"ciXcUt86833610141591","orderId":"32KKC9JQ94","websiteName":"C1","txnAmount":{"currency":"INR","value":"10.00"},"userInfo":{"custId":"4FU61JF1HJ","email":"15@gmail.com","firstName":"123","lastName":"asdfsad","mobile":"2131231"},"callbackUrl":"http://localhost:5000/callback"}}
[2022-03-12T16:30:00.257Z] [PAYTM] INFO [NODE-SDK:1.0.0:57feb692-93a1-4a9d-8651-89c821bcf93b] <EncDecUtil>: generateSignature() called
[2022-03-12T16:30:00.257Z] [PAYTM] INFO [NODE-SDK:1.0.0:57feb692-93a1-4a9d-8651-89c821bcf93b] <EncDecUtil>: generateRandomString() called
[2022-03-12T16:30:00.257Z] [PAYTM] INFO [NODE-SDK:1.0.0:57feb692-93a1-4a9d-8651-89c821bcf93b] <EncDecUtil>: generateSalt returns: QjK+
[2022-03-12T16:30:00.258Z] [PAYTM] INFO [NODE-SDK:1.0.0:57feb692-93a1-4a9d-8651-89c821bcf93b] <EncDecUtil>: getChecksumFromString returns: waLtHIRfnGAttGyF+G/wtGdw1+BjNGk+GkxyI78ETmzXoQoKbHM4YHVsTPOfajB+gRO2iYTPX65sUOARxSL9qpfhuU0TIfkZnjp+9t2dVx0=
[2022-03-12T16:30:00.258Z] [PAYTM] INFO [NODE-SDK:1.0.0:57feb692-93a1-4a9d-8651-89c821bcf93b] <Request>: process for request: {"head":{"version":"v2","channelId":"WEB","requestTimestamp":"1647102600257","signature":"waLtHIRfnGAttGyF+G/wtGdw1+BjNGk+GkxyI78ETmzXoQoKbHM4YHVsTPOfajB+gRO2iYTPX65sUOARxSL9qpfhuU0TIfkZnjp+9t2dVx0="},"body":{"requestType":"Payment","mid":"ciXcUt86833610141591","orderId":"32KKC9JQ94","websiteName":"C1","txnAmount":{"currency":"INR","value":"10.00"},"userInfo":{"custId":"4FU61JF1HJ","email":"15@gmail.com","firstName":"123","lastName":"asdfsad","mobile":"2131231"},"callbackUrl":"http://localhost:5000/callback"}}
[2022-03-12T16:30:00.258Z] [PAYTM] INFO [NODE-SDK:1.0.0:57feb692-93a1-4a9d-8651-89c821bcf93b] <Request>: executeCurl called 
[2022-03-12T16:30:00.258Z] [PAYTM] INFO [NODE-SDK:1.0.0:57feb692-93a1-4a9d-8651-89c821bcf93b] <Request>: will make API call to: https://securegw-stage.paytm.in/theia/api/v1/initiateTransaction?mid=ciXcUt86833610141591&orderId=32KKC9JQ94
[2022-03-12T16:30:01.139Z] [PAYTM] INFO [NODE-SDK:1.0.0:57feb692-93a1-4a9d-8651-89c821bcf93b] <Request>: API response received upon successful execution: {"head":{"responseTimestamp":"1647102601109","version":"v1","signature":"8zxr31xMXkoD9+Pfftj//dpnMam5d/kL1pSWvd8XONwhLcE9DWca7UP7Cd376Z9dIvVvIHzC6+VPZJvc0ODf3YIkA0opzzjCoOa48UUJo2M="},"body":{"resultInfo":{"resultStatus":"S","resultCode":"0000","resultMsg":"Success"},"txnToken":"b9e6a512f81c4a56b65f0809c76b00df1647102600969","isPromoCodeValid":false,"authenticated":false}}
[2022-03-12T16:30:01.139Z] [PAYTM] INFO [NODE-SDK:1.0.0:57feb692-93a1-4a9d-8651-89c821bcf93b] <Request>: Raw Response: {"head":{"responseTimestamp":"1647102601109","version":"v1","signature":"8zxr31xMXkoD9+Pfftj//dpnMam5d/kL1pSWvd8XONwhLcE9DWca7UP7Cd376Z9dIvVvIHzC6+VPZJvc0ODf3YIkA0opzzjCoOa48UUJo2M="},"body":{"resultInfo":{"resultStatus":"S","resultCode":"0000","resultMsg":"Success"},"txnToken":"b9e6a512f81c4a56b65f0809c76b00df1647102600969","isPromoCodeValid":false,"authenticated":false}}
[2022-03-12T16:30:01.140Z] [PAYTM] INFO [NODE-SDK:1.0.0:57feb692-93a1-4a9d-8651-89c821bcf93b] <Request>: Response Data Object: {"head":{"signature":"8zxr31xMXkoD9+Pfftj//dpnMam5d/kL1pSWvd8XONwhLcE9DWca7UP7Cd376Z9dIvVvIHzC6+VPZJvc0ODf3YIkA0opzzjCoOa48UUJo2M=","responseTimestamp":"1647102601109","version":"v1"},"body":{"txnToken":"b9e6a512f81c4a56b65f0809c76b00df1647102600969","isPromoCodeValid":false,"resultInfo":{"resultStatus":"S","resultMsg":"Success","resultCode":"0000"},"extraParamsMap":{}}}
[2022-03-12T16:30:01.140Z] [PAYTM] INFO [NODE-SDK:1.0.0:57feb692-93a1-4a9d-8651-89c821bcf93b] <Request>: validating signature 
[2022-03-12T16:30:01.141Z] [PAYTM] INFO [NODE-SDK:1.0.0:57feb692-93a1-4a9d-8651-89c821bcf93b] <EncDecUtil>: verifyChecksumByString called()
[2022-03-12T16:30:01.142Z] [PAYTM] INFO [NODE-SDK:1.0.0:57feb692-93a1-4a9d-8651-89c821bcf93b] <EncDecUtil>: verifyChecksumByString returns: true
[2022-03-12T16:30:01.142Z] [PAYTM] INFO [NODE-SDK:1.0.0:57feb692-93a1-4a9d-8651-89c821bcf93b] <Request>: signature validation passed 
[2022-03-12T16:30:01.142Z] [PAYTM] INFO [NODE-SDK:1.0.0:57feb692-93a1-4a9d-8651-89c821bcf93b] <Request>: Execution completed with raw json response: {"head":{"responseTimestamp":"1647102601109","version":"v1","signature":"8zxr31xMXkoD9+Pfftj//dpnMam5d/kL1pSWvd8XONwhLcE9DWca7UP7Cd376Z9dIvVvIHzC6+VPZJvc0ODf3YIkA0opzzjCoOa48UUJo2M="},"body":{"resultInfo":{"resultStatus":"S","resultCode":"0000","resultMsg":"Success"},"txnToken":"b9e6a512f81c4a56b65f0809c76b00df1647102600969","isPromoCodeValid":false,"authenticated":false}}
[2022-03-12T16:30:53.493Z] [PAYTM] INFO [NODE-SDK:1.0.0:a9af3986-6142-4775-90a9-36780e4352f5] <Payment>: In getPaymentStatus PaymentStatusDetail: {"orderId":"32KKC9JQ94","readTimeout":80000}
[2022-03-12T16:30:53.494Z] [PAYTM] INFO [NODE-SDK:1.0.0:a9af3986-6142-4775-90a9-36780e4352f5] <Payment>: validatePaymentStatusDetailObject for request: {"orderId":"32KKC9JQ94","readTimeout":80000}
[2022-03-12T16:30:53.495Z] [PAYTM] INFO [NODE-SDK:1.0.0:a9af3986-6142-4775-90a9-36780e4352f5] <Payment>:  validatePaymentStatusDetailObject returns true 
[2022-03-12T16:30:53.495Z] [PAYTM] INFO [NODE-SDK:1.0.0:a9af3986-6142-4775-90a9-36780e4352f5] <CommonUtil>: In getSecureRequestHeader
[2022-03-12T16:30:53.496Z] [PAYTM] INFO [NODE-SDK:1.0.0:a9af3986-6142-4775-90a9-36780e4352f5] <Payment>: NativePaymentStatusRequest object {"head":{"version":"v2","channelId":null,"requestTimestamp":"1647102653495","workFlow":null,"signature":null},"body":{"mid":"ciXcUt86833610141591","orderId":"32KKC9JQ94"}}
[2022-03-12T16:30:53.496Z] [PAYTM] INFO [NODE-SDK:1.0.0:a9af3986-6142-4775-90a9-36780e4352f5] <EncDecUtil>: generateSignature() called
[2022-03-12T16:30:53.496Z] [PAYTM] INFO [NODE-SDK:1.0.0:a9af3986-6142-4775-90a9-36780e4352f5] <EncDecUtil>: generateRandomString() called
[2022-03-12T16:30:53.497Z] [PAYTM] INFO [NODE-SDK:1.0.0:a9af3986-6142-4775-90a9-36780e4352f5] <EncDecUtil>: generateSalt returns: Q5gP
[2022-03-12T16:30:53.497Z] [PAYTM] INFO [NODE-SDK:1.0.0:a9af3986-6142-4775-90a9-36780e4352f5] <EncDecUtil>: getChecksumFromString returns: lNGcmo/Se3HjoJUM879Mgzv3bPXlygIymyuVAjH0e23Lsz+nSsB0kI6Co/Nmu6zKPQkCPDr0hXPceXULStWByebRYL81sJG7YqFlBwWlosU=
[2022-03-12T16:30:53.497Z] [PAYTM] INFO [NODE-SDK:1.0.0:a9af3986-6142-4775-90a9-36780e4352f5] <Request>: process for request: {"head":{"version":"v2","channelId":null,"requestTimestamp":"1647102653495","workFlow":null,"signature":"lNGcmo/Se3HjoJUM879Mgzv3bPXlygIymyuVAjH0e23Lsz+nSsB0kI6Co/Nmu6zKPQkCPDr0hXPceXULStWByebRYL81sJG7YqFlBwWlosU="},"body":{"mid":"ciXcUt86833610141591","orderId":"32KKC9JQ94"}}
[2022-03-12T16:30:53.498Z] [PAYTM] INFO [NODE-SDK:1.0.0:a9af3986-6142-4775-90a9-36780e4352f5] <Request>: executeCurl called 
[2022-03-12T16:30:53.498Z] [PAYTM] INFO [NODE-SDK:1.0.0:a9af3986-6142-4775-90a9-36780e4352f5] <Request>: will make API call to: https://securegw-stage.paytm.in/merchant-status/api/v1/getPaymentStatus
[2022-03-12T16:30:53.744Z] [PAYTM] INFO [NODE-SDK:1.0.0:a9af3986-6142-4775-90a9-36780e4352f5] <Request>: API response received upon successful execution: {"head":{"responseTimestamp":"1647102653808","version":"v1","signature":"xAaDdKVuEpGAwFmyz60ArKcaXH+gmpaDCw1dvbHiRKEK5fYvYmx+aWTslZuGmmnucnTdXJC+M3OV9lobcs8cQl/7qzK28ISe3tgKakHvNXg="},"body":{"resultInfo":{"resultStatus":"TXN_FAILURE","resultCode":"810","resultMsg":"Payment failed due to a technical error. Please try after some time."},"txnId":"20220312111212800110168933403513654","orderId":"32KKC9JQ94","txnAmount":"10.00","txnType":"SALE","mid":"ciXcUt86833610141591","refundAmt":"0.0","txnDate":"2022-03-12 22:00:01.0"}}
[2022-03-12T16:30:53.744Z] [PAYTM] INFO [NODE-SDK:1.0.0:a9af3986-6142-4775-90a9-36780e4352f5] <Request>: Raw Response: {"head":{"responseTimestamp":"1647102653808","version":"v1","signature":"xAaDdKVuEpGAwFmyz60ArKcaXH+gmpaDCw1dvbHiRKEK5fYvYmx+aWTslZuGmmnucnTdXJC+M3OV9lobcs8cQl/7qzK28ISe3tgKakHvNXg="},"body":{"resultInfo":{"resultStatus":"TXN_FAILURE","resultCode":"810","resultMsg":"Payment failed due to a technical error. Please try after some time."},"txnId":"20220312111212800110168933403513654","orderId":"32KKC9JQ94","txnAmount":"10.00","txnType":"SALE","mid":"ciXcUt86833610141591","refundAmt":"0.0","txnDate":"2022-03-12 22:00:01.0"}}
[2022-03-12T16:30:53.745Z] [PAYTM] INFO [NODE-SDK:1.0.0:a9af3986-6142-4775-90a9-36780e4352f5] <Request>: Response Data Object: {"head":{"signature":"xAaDdKVuEpGAwFmyz60ArKcaXH+gmpaDCw1dvbHiRKEK5fYvYmx+aWTslZuGmmnucnTdXJC+M3OV9lobcs8cQl/7qzK28ISe3tgKakHvNXg=","responseTimestamp":"1647102653808","version":"v1"},"body":{"txnId":"20220312111212800110168933403513654","orderId":"32KKC9JQ94","txnAmount":"10.00","txnType":"SALE","mid":"ciXcUt86833610141591","refundAmt":"0.0","txnDate":"2022-03-12 22:00:01.0","resultInfo":{"resultStatus":"TXN_FAILURE","resultMsg":"Payment failed due to a technical error. Please try after some time.","resultCode":"810"},"extraParamsMap":{}}}
[2022-03-12T16:30:53.745Z] [PAYTM] INFO [NODE-SDK:1.0.0:a9af3986-6142-4775-90a9-36780e4352f5] <Request>: Execution completed with raw json response: {"head":{"responseTimestamp":"1647102653808","version":"v1","signature":"xAaDdKVuEpGAwFmyz60ArKcaXH+gmpaDCw1dvbHiRKEK5fYvYmx+aWTslZuGmmnucnTdXJC+M3OV9lobcs8cQl/7qzK28ISe3tgKakHvNXg="},"body":{"resultInfo":{"resultStatus":"TXN_FAILURE","resultCode":"810","resultMsg":"Payment failed due to a technical error. Please try after some time."},"txnId":"20220312111212800110168933403513654","orderId":"32KKC9JQ94","txnAmount":"10.00","txnType":"SALE","mid":"ciXcUt86833610141591","refundAmt":"0.0","txnDate":"2022-03-12 22:00:01.0"}}
[2022-03-12T16:32:27.158Z] [PAYTM] INFO [NODE-SDK1.0.0] <MerchantProperties>: initialize called
[2022-03-12T16:32:27.159Z] [PAYTM] INFO [NODE-SDK1.0.0] <MerchantProperties>: Setting Environment for STAGE
[2022-03-12T16:38:15.125Z] [PAYTM] INFO [NODE-SDK1.0.0] <MerchantProperties>: initialize called
[2022-03-12T16:38:15.126Z] [PAYTM] INFO [NODE-SDK1.0.0] <MerchantProperties>: Setting Environment for STAGE
[2022-03-12T16:40:24.608Z] [PAYTM] INFO [NODE-SDK1.0.0] <MerchantProperties>: initialize called
[2022-03-12T16:40:24.609Z] [PAYTM] INFO [NODE-SDK1.0.0] <MerchantProperties>: Setting Environment for STAGE
[2022-03-12T16:41:10.112Z] [PAYTM] INFO [NODE-SDK1.0.0] <MerchantProperties>: initialize called
[2022-03-12T16:41:10.113Z] [PAYTM] INFO [NODE-SDK1.0.0] <MerchantProperties>: Setting Environment for STAGE
[2022-03-12T16:42:52.105Z] [PAYTM] INFO [NODE-SDK1.0.0] <MerchantProperties>: initialize called
[2022-03-12T16:42:52.106Z] [PAYTM] INFO [NODE-SDK1.0.0] <MerchantProperties>: Setting Environment for STAGE
[2022-03-12T16:43:01.561Z] [PAYTM] INFO [NODE-SDK1.0.0] <MerchantProperties>: initialize called
[2022-03-12T16:43:01.562Z] [PAYTM] INFO [NODE-SDK1.0.0] <MerchantProperties>: Setting Environment for STAGE
[2022-03-12T16:43:10.438Z] [PAYTM] INFO [NODE-SDK1.0.0] <MerchantProperties>: initialize called
[2022-03-12T16:43:10.439Z] [PAYTM] INFO [NODE-SDK1.0.0] <MerchantProperties>: Setting Environment for STAGE
[2022-03-12T16:43:13.361Z] [PAYTM] INFO [NODE-SDK1.0.0] <MerchantProperties>: initialize called
[2022-03-12T16:43:13.361Z] [PAYTM] INFO [NODE-SDK1.0.0] <MerchantProperties>: Setting Environment for STAGE
[2022-03-12T16:44:25.472Z] [PAYTM] INFO [NODE-SDK1.0.0] <MerchantProperties>: initialize called
[2022-03-12T16:44:25.473Z] [PAYTM] INFO [NODE-SDK1.0.0] <MerchantProperties>: Setting Environment for STAGE
[2022-03-12T16:45:55.438Z] [PAYTM] INFO [NODE-SDK1.0.0] <MerchantProperties>: initialize called
[2022-03-12T16:45:55.438Z] [PAYTM] INFO [NODE-SDK1.0.0] <MerchantProperties>: Setting Environment for STAGE
[2022-03-12T16:46:03.972Z] [PAYTM] INFO [NODE-SDK1.0.0] <MerchantProperties>: initialize called
[2022-03-12T16:46:03.973Z] [PAYTM] INFO [NODE-SDK1.0.0] <MerchantProperties>: Setting Environment for STAGE
[2022-03-12T16:55:09.793Z] [PAYTM] INFO [NODE-SDK1.0.0] <MerchantProperties>: initialize called
[2022-03-12T16:55:09.794Z] [PAYTM] INFO [NODE-SDK1.0.0] <MerchantProperties>: Setting Environment for STAGE
[2022-03-12T16:56:03.922Z] [PAYTM] INFO [NODE-SDK1.0.0] <MerchantProperties>: initialize called
[2022-03-12T16:56:03.923Z] [PAYTM] INFO [NODE-SDK1.0.0] <MerchantProperties>: Setting Environment for STAGE
[2022-03-12T16:56:07.823Z] [PAYTM] INFO [NODE-SDK1.0.0] <MerchantProperties>: initialize called
[2022-03-12T16:56:07.824Z] [PAYTM] INFO [NODE-SDK1.0.0] <MerchantProperties>: Setting Environment for STAGE
[2022-03-12T16:56:25.496Z] [PAYTM] INFO [NODE-SDK1.0.0] <MerchantProperties>: initialize called
[2022-03-12T16:56:25.497Z] [PAYTM] INFO [NODE-SDK1.0.0] <MerchantProperties>: Setting Environment for STAGE
[2022-03-12T16:56:34.133Z] [PAYTM] INFO [NODE-SDK1.0.0] <MerchantProperties>: initialize called
[2022-03-12T16:56:34.134Z] [PAYTM] INFO [NODE-SDK1.0.0] <MerchantProperties>: Setting Environment for STAGE
[2022-03-12T17:01:03.242Z] [PAYTM] INFO [NODE-SDK1.0.0] <MerchantProperties>: initialize called
[2022-03-12T17:01:03.243Z] [PAYTM] INFO [NODE-SDK1.0.0] <MerchantProperties>: Setting Environment for STAGE
[2022-03-12T17:02:19.647Z] [PAYTM] INFO [NODE-SDK1.0.0] <MerchantProperties>: initialize called
[2022-03-12T17:02:19.648Z] [PAYTM] INFO [NODE-SDK1.0.0] <MerchantProperties>: Setting Environment for STAGE
[2022-03-12T17:06:16.806Z] [PAYTM] INFO [NODE-SDK1.0.0] <MerchantProperties>: initialize called
[2022-03-12T17:06:16.807Z] [PAYTM] INFO [NODE-SDK1.0.0] <MerchantProperties>: Setting Environment for STAGE
[2022-03-12T17:07:16.708Z] [PAYTM] INFO [NODE-SDK1.0.0] <MerchantProperties>: initialize called
[2022-03-12T17:07:16.709Z] [PAYTM] INFO [NODE-SDK1.0.0] <MerchantProperties>: Setting Environment for STAGE
[2022-03-12T17:10:29.674Z] [PAYTM] INFO [NODE-SDK1.0.0] <MerchantProperties>: initialize called
[2022-03-12T17:10:29.677Z] [PAYTM] INFO [NODE-SDK1.0.0] <MerchantProperties>: Setting Environment for STAGE
[2022-03-12T17:10:34.715Z] [PAYTM] INFO [NODE-SDK1.0.0] <MerchantProperties>: initialize called
[2022-03-12T17:10:34.716Z] [PAYTM] INFO [NODE-SDK1.0.0] <MerchantProperties>: Setting Environment for STAGE
[2022-03-12T17:12:33.965Z] [PAYTM] INFO [NODE-SDK1.0.0] <MerchantProperties>: initialize called
[2022-03-12T17:12:33.966Z] [PAYTM] INFO [NODE-SDK1.0.0] <MerchantProperties>: Setting Environment for STAGE
[2022-03-12T17:14:02.912Z] [PAYTM] INFO [NODE-SDK1.0.0] <MerchantProperties>: initialize called
[2022-03-12T17:14:02.913Z] [PAYTM] INFO [NODE-SDK1.0.0] <MerchantProperties>: Setting Environment for STAGE
[2022-03-12T17:15:44.910Z] [PAYTM] INFO [NODE-SDK1.0.0] <MerchantProperties>: initialize called
[2022-03-12T17:15:44.911Z] [PAYTM] INFO [NODE-SDK1.0.0] <MerchantProperties>: Setting Environment for STAGE
[2022-03-12T17:16:23.483Z] [PAYTM] INFO [NODE-SDK1.0.0] <MerchantProperties>: initialize called
[2022-03-12T17:16:23.484Z] [PAYTM] INFO [NODE-SDK1.0.0] <MerchantProperties>: Setting Environment for STAGE
[2022-03-12T17:19:11.501Z] [PAYTM] INFO [NODE-SDK1.0.0] <MerchantProperties>: initialize called
[2022-03-12T17:19:11.502Z] [PAYTM] INFO [NODE-SDK1.0.0] <MerchantProperties>: Setting Environment for STAGE
[2022-03-12T17:19:34.682Z] [PAYTM] INFO [NODE-SDK1.0.0] <MerchantProperties>: initialize called
[2022-03-12T17:19:34.684Z] [PAYTM] INFO [NODE-SDK1.0.0] <MerchantProperties>: Setting Environment for STAGE
[2022-03-12T17:22:03.685Z] [PAYTM] INFO [NODE-SDK1.0.0] <MerchantProperties>: initialize called
[2022-03-12T17:22:03.685Z] [PAYTM] INFO [NODE-SDK1.0.0] <MerchantProperties>: Setting Environment for STAGE
[2022-03-12T17:22:13.081Z] [PAYTM] INFO [NODE-SDK1.0.0] <MerchantProperties>: initialize called
[2022-03-12T17:22:13.081Z] [PAYTM] INFO [NODE-SDK1.0.0] <MerchantProperties>: Setting Environment for STAGE
[2022-03-12T17:22:20.872Z] [PAYTM] INFO [NODE-SDK1.0.0] <MerchantProperties>: initialize called
[2022-03-12T17:22:20.873Z] [PAYTM] INFO [NODE-SDK1.0.0] <MerchantProperties>: Setting Environment for STAGE
[2022-03-12T17:22:53.012Z] [PAYTM] INFO [NODE-SDK1.0.0] <MerchantProperties>: initialize called
[2022-03-12T17:22:53.013Z] [PAYTM] INFO [NODE-SDK1.0.0] <MerchantProperties>: Setting Environment for STAGE
[2022-03-12T17:23:10.051Z] [PAYTM] INFO [NODE-SDK1.0.0] <MerchantProperties>: initialize called
[2022-03-12T17:23:10.052Z] [PAYTM] INFO [NODE-SDK1.0.0] <MerchantProperties>: Setting Environment for STAGE
[2022-03-12T17:23:28.822Z] [PAYTM] INFO [NODE-SDK1.0.0] <MerchantProperties>: initialize called
[2022-03-12T17:23:28.829Z] [PAYTM] INFO [NODE-SDK1.0.0] <MerchantProperties>: Setting Environment for STAGE
[2022-03-12T17:24:47.249Z] [PAYTM] INFO [NODE-SDK1.0.0] <MerchantProperties>: initialize called
[2022-03-12T17:24:47.250Z] [PAYTM] INFO [NODE-SDK1.0.0] <MerchantProperties>: Setting Environment for STAGE
[2022-03-12T17:28:43.120Z] [PAYTM] INFO [NODE-SDK1.0.0] <MerchantProperties>: initialize called
[2022-03-12T17:28:43.121Z] [PAYTM] INFO [NODE-SDK1.0.0] <MerchantProperties>: Setting Environment for STAGE
[2022-03-12T17:29:18.190Z] [PAYTM] INFO [NODE-SDK1.0.0] <MerchantProperties>: initialize called
[2022-03-12T17:29:18.191Z] [PAYTM] INFO [NODE-SDK1.0.0] <MerchantProperties>: Setting Environment for STAGE
[2022-03-12T17:29:21.227Z] [PAYTM] INFO [NODE-SDK1.0.0] <MerchantProperties>: initialize called
[2022-03-12T17:29:21.229Z] [PAYTM] INFO [NODE-SDK1.0.0] <MerchantProperties>: Setting Environment for STAGE
[2022-03-12T17:29:22.719Z] [PAYTM] INFO [NODE-SDK1.0.0] <MerchantProperties>: initialize called
[2022-03-12T17:29:22.719Z] [PAYTM] INFO [NODE-SDK1.0.0] <MerchantProperties>: Setting Environment for STAGE
[2022-03-12T17:30:00.241Z] [PAYTM] INFO [NODE-SDK1.0.0] <MerchantProperties>: initialize called
[2022-03-12T17:30:00.242Z] [PAYTM] INFO [NODE-SDK1.0.0] <MerchantProperties>: Setting Environment for STAGE
[2022-03-12T17:30:08.077Z] [PAYTM] INFO [NODE-SDK1.0.0] <MerchantProperties>: initialize called
[2022-03-12T17:30:08.077Z] [PAYTM] INFO [NODE-SDK1.0.0] <MerchantProperties>: Setting Environment for STAGE
[2022-03-12T17:30:24.807Z] [PAYTM] INFO [NODE-SDK1.0.0] <MerchantProperties>: initialize called
[2022-03-12T17:30:24.807Z] [PAYTM] INFO [NODE-SDK1.0.0] <MerchantProperties>: Setting Environment for STAGE
[2022-03-12T17:32:52.291Z] [PAYTM] INFO [NODE-SDK1.0.0] <MerchantProperties>: initialize called
[2022-03-12T17:32:52.291Z] [PAYTM] INFO [NODE-SDK1.0.0] <MerchantProperties>: Setting Environment for STAGE
[2022-03-12T17:36:24.949Z] [PAYTM] INFO [NODE-SDK1.0.0] <MerchantProperties>: initialize called
[2022-03-12T17:36:24.950Z] [PAYTM] INFO [NODE-SDK1.0.0] <MerchantProperties>: Setting Environment for STAGE
[2022-03-12T17:37:59.027Z] [PAYTM] INFO [NODE-SDK1.0.0] <MerchantProperties>: initialize called
[2022-03-12T17:37:59.028Z] [PAYTM] INFO [NODE-SDK1.0.0] <MerchantProperties>: Setting Environment for STAGE
[2022-03-12T17:38:16.862Z] [PAYTM] INFO [NODE-SDK1.0.0] <MerchantProperties>: initialize called
[2022-03-12T17:38:16.863Z] [PAYTM] INFO [NODE-SDK1.0.0] <MerchantProperties>: Setting Environment for STAGE
[2022-03-12T17:38:41.260Z] [PAYTM] INFO [NODE-SDK1.0.0] <MerchantProperties>: initialize called
[2022-03-12T17:38:41.261Z] [PAYTM] INFO [NODE-SDK1.0.0] <MerchantProperties>: Setting Environment for STAGE
[2022-03-12T17:38:52.439Z] [PAYTM] INFO [NODE-SDK1.0.0] <MerchantProperties>: initialize called
[2022-03-12T17:38:52.440Z] [PAYTM] INFO [NODE-SDK1.0.0] <MerchantProperties>: Setting Environment for STAGE
[2022-03-12T17:42:19.820Z] [PAYTM] INFO [NODE-SDK1.0.0] <MerchantProperties>: initialize called
[2022-03-12T17:42:19.821Z] [PAYTM] INFO [NODE-SDK1.0.0] <MerchantProperties>: Setting Environment for STAGE
[2022-03-12T17:42:33.611Z] [PAYTM] INFO [NODE-SDK1.0.0] <MerchantProperties>: initialize called
[2022-03-12T17:42:33.612Z] [PAYTM] INFO [NODE-SDK1.0.0] <MerchantProperties>: Setting Environment for STAGE
[2022-03-12T17:52:09.862Z] [PAYTM] INFO [NODE-SDK1.0.0] <MerchantProperties>: initialize called
[2022-03-12T17:52:09.863Z] [PAYTM] INFO [NODE-SDK1.0.0] <MerchantProperties>: Setting Environment for STAGE
[2022-03-12T17:52:20.595Z] [PAYTM] INFO [NODE-SDK1.0.0] <MerchantProperties>: initialize called
[2022-03-12T17:52:20.596Z] [PAYTM] INFO [NODE-SDK1.0.0] <MerchantProperties>: Setting Environment for STAGE
[2022-03-12T18:09:04.894Z] [PAYTM] INFO [NODE-SDK1.0.0] <MerchantProperties>: initialize called
[2022-03-12T18:09:04.894Z] [PAYTM] INFO [NODE-SDK1.0.0] <MerchantProperties>: Setting Environment for STAGE
[2022-03-12T18:09:35.781Z] [PAYTM] INFO [NODE-SDK1.0.0] <MerchantProperties>: initialize called
[2022-03-12T18:09:35.781Z] [PAYTM] INFO [NODE-SDK1.0.0] <MerchantProperties>: Setting Environment for STAGE
[2022-03-12T18:11:25.831Z] [PAYTM] INFO [NODE-SDK1.0.0] <MerchantProperties>: initialize called
[2022-03-12T18:11:25.832Z] [PAYTM] INFO [NODE-SDK1.0.0] <MerchantProperties>: Setting Environment for STAGE
[2022-03-12T18:13:01.663Z] [PAYTM] INFO [NODE-SDK1.0.0] <MerchantProperties>: initialize called
[2022-03-12T18:13:01.664Z] [PAYTM] INFO [NODE-SDK1.0.0] <MerchantProperties>: Setting Environment for STAGE
[2022-03-12T18:14:35.168Z] [PAYTM] INFO [NODE-SDK1.0.0] <MerchantProperties>: initialize called
[2022-03-12T18:14:35.169Z] [PAYTM] INFO [NODE-SDK1.0.0] <MerchantProperties>: Setting Environment for STAGE
[2022-03-12T18:14:55.603Z] [PAYTM] INFO [NODE-SDK1.0.0] <MerchantProperties>: initialize called
[2022-03-12T18:14:55.604Z] [PAYTM] INFO [NODE-SDK1.0.0] <MerchantProperties>: Setting Environment for STAGE
[2022-03-12T18:15:17.726Z] [PAYTM] INFO [NODE-SDK1.0.0] <MerchantProperties>: initialize called
[2022-03-12T18:15:17.726Z] [PAYTM] INFO [NODE-SDK1.0.0] <MerchantProperties>: Setting Environment for STAGE
[2022-03-12T18:15:36.854Z] [PAYTM] INFO [NODE-SDK1.0.0] <MerchantProperties>: initialize called
[2022-03-12T18:15:36.855Z] [PAYTM] INFO [NODE-SDK1.0.0] <MerchantProperties>: Setting Environment for STAGE
[2022-03-12T18:17:42.170Z] [PAYTM] INFO [NODE-SDK1.0.0] <MerchantProperties>: initialize called
[2022-03-12T18:17:42.171Z] [PAYTM] INFO [NODE-SDK1.0.0] <MerchantProperties>: Setting Environment for STAGE
[2022-03-12T18:18:40.964Z] [PAYTM] INFO [NODE-SDK1.0.0] <MerchantProperties>: initialize called
[2022-03-12T18:18:40.965Z] [PAYTM] INFO [NODE-SDK1.0.0] <MerchantProperties>: Setting Environment for STAGE
[2022-03-12T18:19:04.551Z] [PAYTM] INFO [NODE-SDK1.0.0] <MerchantProperties>: initialize called
[2022-03-12T18:19:04.552Z] [PAYTM] INFO [NODE-SDK1.0.0] <MerchantProperties>: Setting Environment for STAGE
[2022-03-12T18:19:35.034Z] [PAYTM] INFO [NODE-SDK:1.0.0:d5702559-60b8-4273-923f-ad0ebcea0f58] <Payment>: In createTxnToken PaymentDetail: {"channelId":"WEB","orderId":"QEMS14B3T","txnAmount":{"currency":"INR","value":"10.00"},"userInfo":{"custId":"6E4RB5P6CB","email":"a@g.cop","firstName":"123456","lastName":"sdf","mobile":"6841"},"readTimeout":80000}
[2022-03-12T18:19:35.034Z] [PAYTM] INFO [NODE-SDK:1.0.0:d5702559-60b8-4273-923f-ad0ebcea0f58] <Payment>: validatePaymentDetailsObject for object: {"channelId":"WEB","orderId":"QEMS14B3T","txnAmount":{"currency":"INR","value":"10.00"},"userInfo":{"custId":"6E4RB5P6CB","email":"a@g.cop","firstName":"123456","lastName":"sdf","mobile":"6841"},"readTimeout":80000}
[2022-03-12T18:19:35.035Z] [PAYTM] INFO [NODE-SDK:1.0.0:d5702559-60b8-4273-923f-ad0ebcea0f58] <Payment>:  validatePaymentDetailsObject returns true 
[2022-03-12T18:19:35.035Z] [PAYTM] INFO [NODE-SDK:1.0.0:d5702559-60b8-4273-923f-ad0ebcea0f58] <CommonUtil>: In getSecureRequestHeader
[2022-03-12T18:19:35.036Z] [PAYTM] INFO [NODE-SDK:1.0.0:d5702559-60b8-4273-923f-ad0ebcea0f58] <Payment>: InitiateTransactionRequest object {"head":{"version":"v2","channelId":"WEB","requestTimestamp":"1647109175035","signature":null},"body":{"requestType":"Payment","mid":"ciXcUt86833610141591","orderId":"QEMS14B3T","websiteName":"C1","txnAmount":{"currency":"INR","value":"10.00"},"userInfo":{"custId":"6E4RB5P6CB","email":"a@g.cop","firstName":"123456","lastName":"sdf","mobile":"6841"},"callbackUrl":"http://localhost:5000/api/callback"}}
[2022-03-12T18:19:35.036Z] [PAYTM] INFO [NODE-SDK:1.0.0:d5702559-60b8-4273-923f-ad0ebcea0f58] <EncDecUtil>: generateSignature() called
[2022-03-12T18:19:35.036Z] [PAYTM] INFO [NODE-SDK:1.0.0:d5702559-60b8-4273-923f-ad0ebcea0f58] <EncDecUtil>: generateRandomString() called
[2022-03-12T18:19:35.037Z] [PAYTM] INFO [NODE-SDK:1.0.0:d5702559-60b8-4273-923f-ad0ebcea0f58] <EncDecUtil>: generateSalt returns: nhiu
[2022-03-12T18:19:35.040Z] [PAYTM] INFO [NODE-SDK:1.0.0:d5702559-60b8-4273-923f-ad0ebcea0f58] <EncDecUtil>: getChecksumFromString returns: n20UsBASGTGLl/d7OgAE6a/9x+E+toZEuqkzb8ORI/SngCr385cqGIWbCzyCrb1uHMicIkSWePjXpJgM8YKmjukuAsOa+4Y+noffWOUisCU=
[2022-03-12T18:19:35.041Z] [PAYTM] INFO [NODE-SDK:1.0.0:d5702559-60b8-4273-923f-ad0ebcea0f58] <Request>: process for request: {"head":{"version":"v2","channelId":"WEB","requestTimestamp":"1647109175035","signature":"n20UsBASGTGLl/d7OgAE6a/9x+E+toZEuqkzb8ORI/SngCr385cqGIWbCzyCrb1uHMicIkSWePjXpJgM8YKmjukuAsOa+4Y+noffWOUisCU="},"body":{"requestType":"Payment","mid":"ciXcUt86833610141591","orderId":"QEMS14B3T","websiteName":"C1","txnAmount":{"currency":"INR","value":"10.00"},"userInfo":{"custId":"6E4RB5P6CB","email":"a@g.cop","firstName":"123456","lastName":"sdf","mobile":"6841"},"callbackUrl":"http://localhost:5000/api/callback"}}
[2022-03-12T18:19:35.041Z] [PAYTM] INFO [NODE-SDK:1.0.0:d5702559-60b8-4273-923f-ad0ebcea0f58] <Request>: executeCurl called 
[2022-03-12T18:19:35.041Z] [PAYTM] INFO [NODE-SDK:1.0.0:d5702559-60b8-4273-923f-ad0ebcea0f58] <Request>: will make API call to: https://securegw-stage.paytm.in/theia/api/v1/initiateTransaction?mid=ciXcUt86833610141591&orderId=QEMS14B3T
[2022-03-12T18:19:36.206Z] [PAYTM] INFO [NODE-SDK:1.0.0:d5702559-60b8-4273-923f-ad0ebcea0f58] <Request>: API response received upon successful execution: {"head":{"responseTimestamp":"1647109176274","version":"v1","signature":"0mGHXDmfJV9DXRzcCmOw31wzVySV741JqzNdeEkju6xuUnB0VQ7S8OIXTCUxeQue/U6NyZ2s6rZWgKnpnp+p/WMN600K9Bc1aXkCTTT6Hgw="},"body":{"resultInfo":{"resultStatus":"S","resultCode":"0000","resultMsg":"Success"},"txnToken":"78979a6929d84fc7a28ff0cbe83998fc1647109175531","isPromoCodeValid":false,"authenticated":false}}
[2022-03-12T18:19:36.207Z] [PAYTM] INFO [NODE-SDK:1.0.0:d5702559-60b8-4273-923f-ad0ebcea0f58] <Request>: Raw Response: {"head":{"responseTimestamp":"1647109176274","version":"v1","signature":"0mGHXDmfJV9DXRzcCmOw31wzVySV741JqzNdeEkju6xuUnB0VQ7S8OIXTCUxeQue/U6NyZ2s6rZWgKnpnp+p/WMN600K9Bc1aXkCTTT6Hgw="},"body":{"resultInfo":{"resultStatus":"S","resultCode":"0000","resultMsg":"Success"},"txnToken":"78979a6929d84fc7a28ff0cbe83998fc1647109175531","isPromoCodeValid":false,"authenticated":false}}
[2022-03-12T18:19:36.208Z] [PAYTM] INFO [NODE-SDK:1.0.0:d5702559-60b8-4273-923f-ad0ebcea0f58] <Request>: Response Data Object: {"head":{"signature":"0mGHXDmfJV9DXRzcCmOw31wzVySV741JqzNdeEkju6xuUnB0VQ7S8OIXTCUxeQue/U6NyZ2s6rZWgKnpnp+p/WMN600K9Bc1aXkCTTT6Hgw=","responseTimestamp":"1647109176274","version":"v1"},"body":{"txnToken":"78979a6929d84fc7a28ff0cbe83998fc1647109175531","isPromoCodeValid":false,"resultInfo":{"resultStatus":"S","resultMsg":"Success","resultCode":"0000"},"extraParamsMap":{}}}
[2022-03-12T18:19:36.208Z] [PAYTM] INFO [NODE-SDK:1.0.0:d5702559-60b8-4273-923f-ad0ebcea0f58] <Request>: validating signature 
[2022-03-12T18:19:36.208Z] [PAYTM] INFO [NODE-SDK:1.0.0:d5702559-60b8-4273-923f-ad0ebcea0f58] <EncDecUtil>: verifyChecksumByString called()
[2022-03-12T18:19:36.208Z] [PAYTM] INFO [NODE-SDK:1.0.0:d5702559-60b8-4273-923f-ad0ebcea0f58] <EncDecUtil>: verifyChecksumByString returns: true
[2022-03-12T18:19:36.208Z] [PAYTM] INFO [NODE-SDK:1.0.0:d5702559-60b8-4273-923f-ad0ebcea0f58] <Request>: signature validation passed 
[2022-03-12T18:19:36.208Z] [PAYTM] INFO [NODE-SDK:1.0.0:d5702559-60b8-4273-923f-ad0ebcea0f58] <Request>: Execution completed with raw json response: {"head":{"responseTimestamp":"1647109176274","version":"v1","signature":"0mGHXDmfJV9DXRzcCmOw31wzVySV741JqzNdeEkju6xuUnB0VQ7S8OIXTCUxeQue/U6NyZ2s6rZWgKnpnp+p/WMN600K9Bc1aXkCTTT6Hgw="},"body":{"resultInfo":{"resultStatus":"S","resultCode":"0000","resultMsg":"Success"},"txnToken":"78979a6929d84fc7a28ff0cbe83998fc1647109175531","isPromoCodeValid":false,"authenticated":false}}
[2022-03-12T18:19:45.288Z] [PAYTM] INFO [NODE-SDK:1.0.0:fc2aaa65-4bd9-40cd-92a2-372c7e46a0fa] <Payment>: In getPaymentStatus PaymentStatusDetail: {"orderId":"QEMS14B3T","readTimeout":80000}
[2022-03-12T18:19:45.288Z] [PAYTM] INFO [NODE-SDK:1.0.0:fc2aaa65-4bd9-40cd-92a2-372c7e46a0fa] <Payment>: validatePaymentStatusDetailObject for request: {"orderId":"QEMS14B3T","readTimeout":80000}
[2022-03-12T18:19:45.289Z] [PAYTM] INFO [NODE-SDK:1.0.0:fc2aaa65-4bd9-40cd-92a2-372c7e46a0fa] <Payment>:  validatePaymentStatusDetailObject returns true 
[2022-03-12T18:19:45.289Z] [PAYTM] INFO [NODE-SDK:1.0.0:fc2aaa65-4bd9-40cd-92a2-372c7e46a0fa] <CommonUtil>: In getSecureRequestHeader
[2022-03-12T18:19:45.289Z] [PAYTM] INFO [NODE-SDK:1.0.0:fc2aaa65-4bd9-40cd-92a2-372c7e46a0fa] <Payment>: NativePaymentStatusRequest object {"head":{"version":"v2","channelId":null,"requestTimestamp":"1647109185289","workFlow":null,"signature":null},"body":{"mid":"ciXcUt86833610141591","orderId":"QEMS14B3T"}}
[2022-03-12T18:19:45.289Z] [PAYTM] INFO [NODE-SDK:1.0.0:fc2aaa65-4bd9-40cd-92a2-372c7e46a0fa] <EncDecUtil>: generateSignature() called
[2022-03-12T18:19:45.290Z] [PAYTM] INFO [NODE-SDK:1.0.0:fc2aaa65-4bd9-40cd-92a2-372c7e46a0fa] <EncDecUtil>: generateRandomString() called
[2022-03-12T18:19:45.290Z] [PAYTM] INFO [NODE-SDK:1.0.0:fc2aaa65-4bd9-40cd-92a2-372c7e46a0fa] <EncDecUtil>: generateSalt returns: n9hA
[2022-03-12T18:19:45.291Z] [PAYTM] INFO [NODE-SDK:1.0.0:fc2aaa65-4bd9-40cd-92a2-372c7e46a0fa] <EncDecUtil>: getChecksumFromString returns: iO/uU/OFP6/vBjs0F18J5tN24hel/HwZiPBKuTUMn4OJdXwjH3exHwXX43/HNLo9MrjgzAX1080WgNuPdHmZeX72vHBJJ/sZqc2f3tjoNXE=
[2022-03-12T18:19:45.291Z] [PAYTM] INFO [NODE-SDK:1.0.0:fc2aaa65-4bd9-40cd-92a2-372c7e46a0fa] <Request>: process for request: {"head":{"version":"v2","channelId":null,"requestTimestamp":"1647109185289","workFlow":null,"signature":"iO/uU/OFP6/vBjs0F18J5tN24hel/HwZiPBKuTUMn4OJdXwjH3exHwXX43/HNLo9MrjgzAX1080WgNuPdHmZeX72vHBJJ/sZqc2f3tjoNXE="},"body":{"mid":"ciXcUt86833610141591","orderId":"QEMS14B3T"}}
[2022-03-12T18:19:45.291Z] [PAYTM] INFO [NODE-SDK:1.0.0:fc2aaa65-4bd9-40cd-92a2-372c7e46a0fa] <Request>: executeCurl called 
[2022-03-12T18:19:45.291Z] [PAYTM] INFO [NODE-SDK:1.0.0:fc2aaa65-4bd9-40cd-92a2-372c7e46a0fa] <Request>: will make API call to: https://securegw-stage.paytm.in/merchant-status/api/v1/getPaymentStatus
[2022-03-12T18:19:45.490Z] [PAYTM] INFO [NODE-SDK:1.0.0:fc2aaa65-4bd9-40cd-92a2-372c7e46a0fa] <Request>: API response received upon successful execution: {"head":{"responseTimestamp":"1647109185567","version":"v1","signature":"DWGvdgngUcE18hWdTAQ60d9Dj9s7NOgq1TXrG60l22z00pofwxGPcLj+kRRKclq6oL+m61SwMIEBS3YWuD4UWYeHMCQPUUVAk5FcGb5LhCI="},"body":{"resultInfo":{"resultStatus":"TXN_FAILURE","resultCode":"810","resultMsg":"Payment failed due to a technical error. Please try after some time."},"txnId":"20220312111212800110168842203509629","orderId":"QEMS14B3T","txnAmount":"10.00","txnType":"SALE","mid":"ciXcUt86833610141591","refundAmt":"0.0","txnDate":"2022-03-12 23:49:36.0"}}
[2022-03-12T18:19:45.490Z] [PAYTM] INFO [NODE-SDK:1.0.0:fc2aaa65-4bd9-40cd-92a2-372c7e46a0fa] <Request>: Raw Response: {"head":{"responseTimestamp":"1647109185567","version":"v1","signature":"DWGvdgngUcE18hWdTAQ60d9Dj9s7NOgq1TXrG60l22z00pofwxGPcLj+kRRKclq6oL+m61SwMIEBS3YWuD4UWYeHMCQPUUVAk5FcGb5LhCI="},"body":{"resultInfo":{"resultStatus":"TXN_FAILURE","resultCode":"810","resultMsg":"Payment failed due to a technical error. Please try after some time."},"txnId":"20220312111212800110168842203509629","orderId":"QEMS14B3T","txnAmount":"10.00","txnType":"SALE","mid":"ciXcUt86833610141591","refundAmt":"0.0","txnDate":"2022-03-12 23:49:36.0"}}
[2022-03-12T18:19:45.491Z] [PAYTM] INFO [NODE-SDK:1.0.0:fc2aaa65-4bd9-40cd-92a2-372c7e46a0fa] <Request>: Response Data Object: {"head":{"signature":"DWGvdgngUcE18hWdTAQ60d9Dj9s7NOgq1TXrG60l22z00pofwxGPcLj+kRRKclq6oL+m61SwMIEBS3YWuD4UWYeHMCQPUUVAk5FcGb5LhCI=","responseTimestamp":"1647109185567","version":"v1"},"body":{"txnId":"20220312111212800110168842203509629","orderId":"QEMS14B3T","txnAmount":"10.00","txnType":"SALE","mid":"ciXcUt86833610141591","refundAmt":"0.0","txnDate":"2022-03-12 23:49:36.0","resultInfo":{"resultStatus":"TXN_FAILURE","resultMsg":"Payment failed due to a technical error. Please try after some time.","resultCode":"810"},"extraParamsMap":{}}}
[2022-03-12T18:19:45.491Z] [PAYTM] INFO [NODE-SDK:1.0.0:fc2aaa65-4bd9-40cd-92a2-372c7e46a0fa] <Request>: Execution completed with raw json response: {"head":{"responseTimestamp":"1647109185567","version":"v1","signature":"DWGvdgngUcE18hWdTAQ60d9Dj9s7NOgq1TXrG60l22z00pofwxGPcLj+kRRKclq6oL+m61SwMIEBS3YWuD4UWYeHMCQPUUVAk5FcGb5LhCI="},"body":{"resultInfo":{"resultStatus":"TXN_FAILURE","resultCode":"810","resultMsg":"Payment failed due to a technical error. Please try after some time."},"txnId":"20220312111212800110168842203509629","orderId":"QEMS14B3T","txnAmount":"10.00","txnType":"SALE","mid":"ciXcUt86833610141591","refundAmt":"0.0","txnDate":"2022-03-12 23:49:36.0"}}
[2022-03-12T18:20:16.187Z] [PAYTM] INFO [NODE-SDK1.0.0] <MerchantProperties>: initialize called
[2022-03-12T18:20:16.189Z] [PAYTM] INFO [NODE-SDK1.0.0] <MerchantProperties>: Setting Environment for STAGE
[2022-03-12T18:21:16.094Z] [PAYTM] INFO [NODE-SDK1.0.0] <MerchantProperties>: initialize called
[2022-03-12T18:21:16.095Z] [PAYTM] INFO [NODE-SDK1.0.0] <MerchantProperties>: Setting Environment for STAGE
[2022-03-12T18:21:19.176Z] [PAYTM] INFO [NODE-SDK1.0.0] <MerchantProperties>: initialize called
[2022-03-12T18:21:19.177Z] [PAYTM] INFO [NODE-SDK1.0.0] <MerchantProperties>: Setting Environment for STAGE
[2022-03-12T18:23:18.936Z] [PAYTM] INFO [NODE-SDK1.0.0] <MerchantProperties>: initialize called
[2022-03-12T18:23:18.937Z] [PAYTM] INFO [NODE-SDK1.0.0] <MerchantProperties>: Setting Environment for STAGE
[2022-03-12T18:24:42.242Z] [PAYTM] INFO [NODE-SDK1.0.0] <MerchantProperties>: initialize called
[2022-03-12T18:24:42.243Z] [PAYTM] INFO [NODE-SDK1.0.0] <MerchantProperties>: Setting Environment for STAGE
[2022-03-12T18:26:11.839Z] [PAYTM] INFO [NODE-SDK1.0.0] <MerchantProperties>: initialize called
[2022-03-12T18:26:11.840Z] [PAYTM] INFO [NODE-SDK1.0.0] <MerchantProperties>: Setting Environment for STAGE
[2022-03-12T18:26:37.827Z] [PAYTM] INFO [NODE-SDK1.0.0] <MerchantProperties>: initialize called
[2022-03-12T18:26:37.828Z] [PAYTM] INFO [NODE-SDK1.0.0] <MerchantProperties>: Setting Environment for STAGE
[2022-03-12T18:26:53.043Z] [PAYTM] INFO [NODE-SDK1.0.0] <MerchantProperties>: initialize called
[2022-03-12T18:26:53.045Z] [PAYTM] INFO [NODE-SDK1.0.0] <MerchantProperties>: Setting Environment for STAGE
[2022-03-12T18:27:05.643Z] [PAYTM] INFO [NODE-SDK1.0.0] <MerchantProperties>: initialize called
[2022-03-12T18:27:05.645Z] [PAYTM] INFO [NODE-SDK1.0.0] <MerchantProperties>: Setting Environment for STAGE
[2022-03-12T18:29:43.982Z] [PAYTM] INFO [NODE-SDK1.0.0] <MerchantProperties>: initialize called
[2022-03-12T18:29:43.983Z] [PAYTM] INFO [NODE-SDK1.0.0] <MerchantProperties>: Setting Environment for STAGE
[2022-03-12T18:33:23.504Z] [PAYTM] INFO [NODE-SDK1.0.0] <MerchantProperties>: initialize called
[2022-03-12T18:33:23.504Z] [PAYTM] INFO [NODE-SDK1.0.0] <MerchantProperties>: Setting Environment for STAGE
[2022-03-12T18:34:20.553Z] [PAYTM] INFO [NODE-SDK1.0.0] <MerchantProperties>: initialize called
[2022-03-12T18:34:20.554Z] [PAYTM] INFO [NODE-SDK1.0.0] <MerchantProperties>: Setting Environment for STAGE
[2022-03-12T18:34:40.628Z] [PAYTM] INFO [NODE-SDK1.0.0] <MerchantProperties>: initialize called
[2022-03-12T18:34:40.629Z] [PAYTM] INFO [NODE-SDK1.0.0] <MerchantProperties>: Setting Environment for STAGE
[2022-03-12T18:35:52.676Z] [PAYTM] INFO [NODE-SDK1.0.0] <MerchantProperties>: initialize called
[2022-03-12T18:35:52.678Z] [PAYTM] INFO [NODE-SDK1.0.0] <MerchantProperties>: Setting Environment for STAGE
